# JRE version: OpenJDK Runtime Environment (15.0.1+9) (build 15.0.1+9-18)
# Java VM: OpenJDK 64-Bit Server VM (15.0.1+9-18, mixed mode, tiered, compressed oops, g1 gc, windows-amd64)
GC Precious Log:
 CPUs: 16 total, 16 available
 Memory: 16203M
 Large Page Support: Disabled
 NUMA Support: Disabled
 Compressed Oops: Enabled (Zero based)
 Heap Region Size: 2M
 Heap Min Capacity: 8M
 Heap Initial Capacity: 254M
 Heap Max Capacity: 4052M
 Pre-touch: Disabled
 Parallel Workers: 13
 Concurrent Workers: 3
 Concurrent Refinement Workers: 13
 Periodic GC: Disabled
Heap:
 garbage-first heap   total 45056K, used 14320K [0x0000000702c00000, 0x0000000800000000)
  region size 2048K, 5 young (10240K), 2 survivors (4096K)
 Metaspace       used 28345K, capacity 28632K, committed 28796K, reserved 1075200K
  class space    used 3036K, capacity 3149K, committed 3200K, reserved 1048576K
GC Heap History (10 events):
Event: 0.475 GC heap before
{Heap before GC invocations=0 (full 0):
 garbage-first heap   total 260096K, used 20480K [0x0000000702c00000, 0x0000000800000000)
  region size 2048K, 11 young (22528K), 0 survivors (0K)
 Metaspace       used 12097K, capacity 12262K, committed 12416K, reserved 1060864K
  class space    used 1076K, capacity 1121K, committed 1152K, reserved 1048576K
}
Event: 0.477 GC heap after
{Heap after GC invocations=1 (full 0):
 garbage-first heap   total 260096K, used 4545K [0x0000000702c00000, 0x0000000800000000)
  region size 2048K, 2 young (4096K), 2 survivors (4096K)
 Metaspace       used 12097K, capacity 12262K, committed 12416K, reserved 1060864K
  class space    used 1076K, capacity 1121K, committed 1152K, reserved 1048576K
}
Event: 0.731 GC heap before
{Heap before GC invocations=1 (full 0):
 garbage-first heap   total 260096K, used 35265K [0x0000000702c00000, 0x0000000800000000)
  region size 2048K, 17 young (34816K), 2 survivors (4096K)
 Metaspace       used 16127K, capacity 16288K, committed 16640K, reserved 1064960K
  class space    used 1606K, capacity 1695K, committed 1792K, reserved 1048576K
}
Event: 0.734 GC heap after
{Heap after GC invocations=2 (full 0):
 garbage-first heap   total 260096K, used 5573K [0x0000000702c00000, 0x0000000800000000)
  region size 2048K, 1 young (2048K), 1 survivors (2048K)
 Metaspace       used 16127K, capacity 16288K, committed 16640K, reserved 1064960K
  class space    used 1606K, capacity 1695K, committed 1792K, reserved 1048576K
}
Event: 1.018 GC heap before
{Heap before GC invocations=2 (full 0):
 garbage-first heap   total 260096K, used 40389K [0x0000000702c00000, 0x0000000800000000)
  region size 2048K, 20 young (40960K), 1 survivors (2048K)
 Metaspace       used 21010K, capacity 21233K, committed 21248K, reserved 1069056K
  class space    used 2204K, capacity 2290K, committed 2304K, reserved 1048576K
}
Event: 1.020 GC heap after
{Heap after GC invocations=3 (full 0):
 garbage-first heap   total 260096K, used 6790K [0x0000000702c00000, 0x0000000800000000)
  region size 2048K, 2 young (4096K), 2 survivors (4096K)
 Metaspace       used 21010K, capacity 21233K, committed 21248K, reserved 1069056K
  class space    used 2204K, capacity 2290K, committed 2304K, reserved 1048576K
}
Event: 1.250 GC heap before
{Heap before GC invocations=4 (full 0):
 garbage-first heap   total 40960K, used 33414K [0x0000000702c00000, 0x0000000800000000)
  region size 2048K, 16 young (32768K), 2 survivors (4096K)
 Metaspace       used 24253K, capacity 24599K, committed 24700K, reserved 1071104K
  class space    used 2550K, capacity 2663K, committed 2688K, reserved 1048576K
}
Event: 1.253 GC heap after
{Heap after GC invocations=5 (full 0):
 garbage-first heap   total 45056K, used 8605K [0x0000000702c00000, 0x0000000800000000)
  region size 2048K, 2 young (4096K), 2 survivors (4096K)
 Metaspace       used 24253K, capacity 24599K, committed 24700K, reserved 1071104K
  class space    used 2550K, capacity 2663K, committed 2688K, reserved 1048576K
}
Event: 1.410 GC heap before
{Heap before GC invocations=5 (full 0):
 garbage-first heap   total 45056K, used 27037K [0x0000000702c00000, 0x0000000800000000)
  region size 2048K, 11 young (22528K), 2 survivors (4096K)
 Metaspace       used 27516K, capacity 27800K, committed 27900K, reserved 1075200K
  class space    used 2933K, capacity 3021K, committed 3072K, reserved 1048576K
}
Event: 1.413 GC heap after
{Heap after GC invocations=6 (full 0):
 garbage-first heap   total 45056K, used 10224K [0x0000000702c00000, 0x0000000800000000)
  region size 2048K, 2 young (4096K), 2 survivors (4096K)
 Metaspace       used 27516K, capacity 27800K, committed 27900K, reserved 1075200K
  class space    used 2933K, capacity 3021K, committed 3072K, reserved 1048576K
}

