# JRE version: OpenJDK Runtime Environment (15.0.1+9) (build 15.0.1+9-18)
# Java VM: OpenJDK 64-Bit Server VM (15.0.1+9-18, mixed mode, tiered, compressed oops, g1 gc, windows-amd64)
GC Precious Log:
 CPUs: 16 total, 16 available
 Memory: 16203M
 Large Page Support: Disabled
 NUMA Support: Disabled
 Compressed Oops: Enabled (Zero based)
 Heap Region Size: 2M
 Heap Min Capacity: 8M
 Heap Initial Capacity: 254M
 Heap Max Capacity: 4052M
 Pre-touch: Disabled
 Parallel Workers: 13
 Concurrent Workers: 3
 Concurrent Refinement Workers: 13
 Periodic GC: Disabled
Heap:
 garbage-first heap   total 40960K, used 24478K [0x0000000702c00000, 0x0000000800000000)
  region size 2048K, 10 young (20480K), 2 survivors (4096K)
 Metaspace       used 28398K, capacity 28696K, committed 28796K, reserved 1075200K
  class space    used 3034K, capacity 3149K, committed 3196K, reserved 1048576K
GC Heap History (10 events):
Event: 0.590 GC heap before
{Heap before GC invocations=0 (full 0):
 garbage-first heap   total 260096K, used 20480K [0x0000000702c00000, 0x0000000800000000)
  region size 2048K, 11 young (22528K), 0 survivors (0K)
 Metaspace       used 12093K, capacity 12262K, committed 12416K, reserved 1060864K
  class space    used 1075K, capacity 1121K, committed 1152K, reserved 1048576K
}
Event: 0.593 GC heap after
{Heap after GC invocations=1 (full 0):
 garbage-first heap   total 260096K, used 4569K [0x0000000702c00000, 0x0000000800000000)
  region size 2048K, 2 young (4096K), 2 survivors (4096K)
 Metaspace       used 12093K, capacity 12262K, committed 12416K, reserved 1060864K
  class space    used 1075K, capacity 1121K, committed 1152K, reserved 1048576K
}
Event: 0.841 GC heap before
{Heap before GC invocations=1 (full 0):
 garbage-first heap   total 260096K, used 29145K [0x0000000702c00000, 0x0000000800000000)
  region size 2048K, 15 young (30720K), 2 survivors (4096K)
 Metaspace       used 15870K, capacity 16064K, committed 16256K, reserved 1064960K
  class space    used 1570K, capacity 1663K, committed 1664K, reserved 1048576K
}
Event: 0.844 GC heap after
{Heap after GC invocations=2 (full 0):
 garbage-first heap   total 260096K, used 5434K [0x0000000702c00000, 0x0000000800000000)
  region size 2048K, 1 young (2048K), 1 survivors (2048K)
 Metaspace       used 15870K, capacity 16064K, committed 16256K, reserved 1064960K
  class space    used 1570K, capacity 1663K, committed 1664K, reserved 1048576K
}
Event: 1.142 GC heap before
{Heap before GC invocations=2 (full 0):
 garbage-first heap   total 260096K, used 46394K [0x0000000702c00000, 0x0000000800000000)
  region size 2048K, 22 young (45056K), 1 survivors (2048K)
 Metaspace       used 21023K, capacity 21233K, committed 21248K, reserved 1069056K
  class space    used 2202K, capacity 2290K, committed 2304K, reserved 1048576K
}
Event: 1.144 GC heap after
{Heap after GC invocations=3 (full 0):
 garbage-first heap   total 260096K, used 6757K [0x0000000702c00000, 0x0000000800000000)
  region size 2048K, 2 young (4096K), 2 survivors (4096K)
 Metaspace       used 21023K, capacity 21233K, committed 21248K, reserved 1069056K
  class space    used 2202K, capacity 2290K, committed 2304K, reserved 1048576K
}
Event: 1.331 GC heap before
{Heap before GC invocations=4 (full 0):
 garbage-first heap   total 40960K, used 27237K [0x0000000702c00000, 0x0000000800000000)
  region size 2048K, 12 young (24576K), 2 survivors (4096K)
 Metaspace       used 23694K, capacity 23927K, committed 24188K, reserved 1071104K
  class space    used 2482K, capacity 2567K, committed 2684K, reserved 1048576K
}
Event: 1.334 GC heap after
{Heap after GC invocations=5 (full 0):
 garbage-first heap   total 40960K, used 7881K [0x0000000702c00000, 0x0000000800000000)
  region size 2048K, 2 young (4096K), 2 survivors (4096K)
 Metaspace       used 23694K, capacity 23927K, committed 24188K, reserved 1071104K
  class space    used 2482K, capacity 2567K, committed 2684K, reserved 1048576K
}
Event: 1.454 GC heap before
{Heap before GC invocations=5 (full 0):
 garbage-first heap   total 40960K, used 26313K [0x0000000702c00000, 0x0000000800000000)
  region size 2048K, 11 young (22528K), 2 survivors (4096K)
 Metaspace       used 25635K, capacity 25912K, committed 26236K, reserved 1073152K
  class space    used 2689K, capacity 2797K, committed 2940K, reserved 1048576K
}
Event: 1.457 GC heap after
{Heap after GC invocations=6 (full 0):
 garbage-first heap   total 40960K, used 10142K [0x0000000702c00000, 0x0000000800000000)
  region size 2048K, 2 young (4096K), 2 survivors (4096K)
 Metaspace       used 25635K, capacity 25912K, committed 26236K, reserved 1073152K
  class space    used 2689K, capacity 2797K, committed 2940K, reserved 1048576K
}

