# JRE version: OpenJDK Runtime Environment (15.0.1+9) (build 15.0.1+9-18)
# Java VM: OpenJDK 64-Bit Server VM (15.0.1+9-18, mixed mode, tiered, compressed oops, g1 gc, windows-amd64)
GC Precious Log:
 CPUs: 16 total, 16 available
 Memory: 16203M
 Large Page Support: Disabled
 NUMA Support: Disabled
 Compressed Oops: Enabled (Zero based)
 Heap Region Size: 2M
 Heap Min Capacity: 8M
 Heap Initial Capacity: 254M
 Heap Max Capacity: 4052M
 Pre-touch: Disabled
 Parallel Workers: 13
 Concurrent Workers: 3
 Concurrent Refinement Workers: 13
 Periodic GC: Disabled
Heap:
 garbage-first heap   total 153600K, used 93403K [0x0000000702c00000, 0x0000000800000000)
  region size 2048K, 42 young (86016K), 1 survivors (2048K)
 Metaspace       used 34219K, capacity 34579K, committed 34688K, reserved 1079296K
  class space    used 4011K, capacity 4132K, committed 4224K, reserved 1048576K
GC Heap History (14 events):
Event: 0.488 GC heap before
{Heap before GC invocations=0 (full 0):
 garbage-first heap   total 260096K, used 22528K [0x0000000702c00000, 0x0000000800000000)
  region size 2048K, 11 young (22528K), 0 survivors (0K)
 Metaspace       used 12125K, capacity 12320K, committed 12416K, reserved 1060864K
  class space    used 1071K, capacity 1119K, committed 1152K, reserved 1048576K
}
Event: 0.490 GC heap after
{Heap after GC invocations=1 (full 0):
 garbage-first heap   total 260096K, used 4581K [0x0000000702c00000, 0x0000000800000000)
  region size 2048K, 2 young (4096K), 2 survivors (4096K)
 Metaspace       used 12125K, capacity 12320K, committed 12416K, reserved 1060864K
  class space    used 1071K, capacity 1119K, committed 1152K, reserved 1048576K
}
Event: 0.752 GC heap before
{Heap before GC invocations=1 (full 0):
 garbage-first heap   total 260096K, used 31205K [0x0000000702c00000, 0x0000000800000000)
  region size 2048K, 15 young (30720K), 2 survivors (4096K)
 Metaspace       used 16025K, capacity 16224K, committed 16384K, reserved 1064960K
  class space    used 1597K, capacity 1695K, committed 1792K, reserved 1048576K
}
Event: 0.755 GC heap after
{Heap after GC invocations=2 (full 0):
 garbage-first heap   total 260096K, used 5831K [0x0000000702c00000, 0x0000000800000000)
  region size 2048K, 1 young (2048K), 1 survivors (2048K)
 Metaspace       used 16025K, capacity 16224K, committed 16384K, reserved 1064960K
  class space    used 1597K, capacity 1695K, committed 1792K, reserved 1048576K
}
Event: 1.069 GC heap before
{Heap before GC invocations=2 (full 0):
 garbage-first heap   total 260096K, used 46791K [0x0000000702c00000, 0x0000000800000000)
  region size 2048K, 22 young (45056K), 1 survivors (2048K)
 Metaspace       used 20825K, capacity 21037K, committed 21248K, reserved 1069056K
  class space    used 2198K, capacity 2289K, committed 2304K, reserved 1048576K
}
Event: 1.072 GC heap after
{Heap after GC invocations=3 (full 0):
 garbage-first heap   total 260096K, used 7167K [0x0000000702c00000, 0x0000000800000000)
  region size 2048K, 2 young (4096K), 2 survivors (4096K)
 Metaspace       used 20825K, capacity 21037K, committed 21248K, reserved 1069056K
  class space    used 2198K, capacity 2289K, committed 2304K, reserved 1048576K
}
Event: 1.287 GC heap before
{Heap before GC invocations=4 (full 0):
 garbage-first heap   total 40960K, used 35839K [0x0000000702c00000, 0x0000000800000000)
  region size 2048K, 17 young (34816K), 2 survivors (4096K)
 Metaspace       used 24437K, capacity 24727K, committed 24960K, reserved 1071104K
  class space    used 2580K, capacity 2663K, committed 2688K, reserved 1048576K
}
Event: 1.290 GC heap after
{Heap after GC invocations=5 (full 0):
 garbage-first heap   total 45056K, used 9022K [0x0000000702c00000, 0x0000000800000000)
  region size 2048K, 2 young (4096K), 2 survivors (4096K)
 Metaspace       used 24437K, capacity 24727K, committed 24960K, reserved 1071104K
  class space    used 2580K, capacity 2663K, committed 2688K, reserved 1048576K
}
Event: 1.522 GC heap before
{Heap before GC invocations=5 (full 0):
 garbage-first heap   total 45056K, used 29502K [0x0000000702c00000, 0x0000000800000000)
  region size 2048K, 12 young (24576K), 2 survivors (4096K)
 Metaspace       used 28542K, capacity 28792K, committed 29056K, reserved 1075200K
  class space    used 3069K, capacity 3181K, committed 3200K, reserved 1048576K
}
Event: 1.525 GC heap after
{Heap after GC invocations=6 (full 0):
 garbage-first heap   total 45056K, used 11091K [0x0000000702c00000, 0x0000000800000000)
  region size 2048K, 2 young (4096K), 2 survivors (4096K)
 Metaspace       used 28542K, capacity 28792K, committed 29056K, reserved 1075200K
  class space    used 3069K, capacity 3181K, committed 3200K, reserved 1048576K
}
Event: 1.641 GC heap before
{Heap before GC invocations=6 (full 0):
 garbage-first heap   total 45056K, used 27475K [0x0000000702c00000, 0x0000000800000000)
  region size 2048K, 10 young (20480K), 2 survivors (4096K)
 Metaspace       used 30223K, capacity 30520K, committed 30720K, reserved 1077248K
  class space    used 3391K, capacity 3501K, committed 3584K, reserved 1048576K
}
Event: 1.645 GC heap after
{Heap after GC invocations=7 (full 0):
 garbage-first heap   total 45056K, used 11406K [0x0000000702c00000, 0x0000000800000000)
  region size 2048K, 1 young (2048K), 1 survivors (2048K)
 Metaspace       used 30223K, capacity 30520K, committed 30720K, reserved 1077248K
  class space    used 3391K, capacity 3501K, committed 3584K, reserved 1048576K
}
Event: 1.780 GC heap before
{Heap before GC invocations=7 (full 0):
 garbage-first heap   total 45056K, used 29838K [0x0000000702c00000, 0x0000000800000000)
  region size 2048K, 10 young (20480K), 1 survivors (2048K)
 Metaspace       used 31804K, capacity 32083K, committed 32256K, reserved 1077248K
  class space    used 3709K, capacity 3827K, committed 3840K, reserved 1048576K
}
Event: 1.782 GC heap after
{Heap after GC invocations=8 (full 0):
 garbage-first heap   total 153600K, used 11483K [0x0000000702c00000, 0x0000000800000000)
  region size 2048K, 1 young (2048K), 1 survivors (2048K)
 Metaspace       used 31804K, capacity 32083K, committed 32256K, reserved 1077248K
  class space    used 3709K, capacity 3827K, committed 3840K, reserved 1048576K
}

