# JRE version: OpenJDK Runtime Environment (15.0.1+9) (build 15.0.1+9-18)
# Java VM: OpenJDK 64-Bit Server VM (15.0.1+9-18, mixed mode, tiered, compressed oops, g1 gc, windows-amd64)
GC Precious Log:
 CPUs: 16 total, 16 available
 Memory: 16203M
 Large Page Support: Disabled
 NUMA Support: Disabled
 Compressed Oops: Enabled (Zero based)
 Heap Region Size: 2M
 Heap Min Capacity: 8M
 Heap Initial Capacity: 254M
 Heap Max Capacity: 4052M
 Pre-touch: Disabled
 Parallel Workers: 13
 Concurrent Workers: 3
 Concurrent Refinement Workers: 13
 Periodic GC: Disabled
Heap:
 garbage-first heap   total 151552K, used 56059K [0x0000000702c00000, 0x0000000800000000)
  region size 2048K, 24 young (49152K), 1 survivors (2048K)
 Metaspace       used 33754K, capacity 34033K, committed 34048K, reserved 1079296K
  class space    used 3981K, capacity 4089K, committed 4096K, reserved 1048576K
GC Heap History (14 events):
Event: 0.493 GC heap before
{Heap before GC invocations=0 (full 0):
 garbage-first heap   total 260096K, used 20480K [0x0000000702c00000, 0x0000000800000000)
  region size 2048K, 11 young (22528K), 0 survivors (0K)
 Metaspace       used 12028K, capacity 12192K, committed 12416K, reserved 1060864K
  class space    used 1065K, capacity 1119K, committed 1152K, reserved 1048576K
}
Event: 0.495 GC heap after
{Heap after GC invocations=1 (full 0):
 garbage-first heap   total 260096K, used 4346K [0x0000000702c00000, 0x0000000800000000)
  region size 2048K, 2 young (4096K), 2 survivors (4096K)
 Metaspace       used 12028K, capacity 12192K, committed 12416K, reserved 1060864K
  class space    used 1065K, capacity 1119K, committed 1152K, reserved 1048576K
}
Event: 0.749 GC heap before
{Heap before GC invocations=1 (full 0):
 garbage-first heap   total 260096K, used 28922K [0x0000000702c00000, 0x0000000800000000)
  region size 2048K, 15 young (30720K), 2 survivors (4096K)
 Metaspace       used 15968K, capacity 16186K, committed 16256K, reserved 1064960K
  class space    used 1589K, capacity 1661K, committed 1664K, reserved 1048576K
}
Event: 0.752 GC heap after
{Heap after GC invocations=2 (full 0):
 garbage-first heap   total 260096K, used 5246K [0x0000000702c00000, 0x0000000800000000)
  region size 2048K, 1 young (2048K), 1 survivors (2048K)
 Metaspace       used 15968K, capacity 16186K, committed 16256K, reserved 1064960K
  class space    used 1589K, capacity 1661K, committed 1664K, reserved 1048576K
}
Event: 1.074 GC heap before
{Heap before GC invocations=2 (full 0):
 garbage-first heap   total 260096K, used 48254K [0x0000000702c00000, 0x0000000800000000)
  region size 2048K, 23 young (47104K), 1 survivors (2048K)
 Metaspace       used 20826K, capacity 21037K, committed 21248K, reserved 1069056K
  class space    used 2198K, capacity 2289K, committed 2304K, reserved 1048576K
}
Event: 1.076 GC heap after
{Heap after GC invocations=3 (full 0):
 garbage-first heap   total 260096K, used 6553K [0x0000000702c00000, 0x0000000800000000)
  region size 2048K, 2 young (4096K), 2 survivors (4096K)
 Metaspace       used 20826K, capacity 21037K, committed 21248K, reserved 1069056K
  class space    used 2198K, capacity 2289K, committed 2304K, reserved 1048576K
}
Event: 1.290 GC heap before
{Heap before GC invocations=4 (full 0):
 garbage-first heap   total 40960K, used 33177K [0x0000000702c00000, 0x0000000800000000)
  region size 2048K, 15 young (30720K), 2 survivors (4096K)
 Metaspace       used 24414K, capacity 24727K, committed 24960K, reserved 1071104K
  class space    used 2577K, capacity 2663K, committed 2688K, reserved 1048576K
}
Event: 1.293 GC heap after
{Heap after GC invocations=5 (full 0):
 garbage-first heap   total 43008K, used 8510K [0x0000000702c00000, 0x0000000800000000)
  region size 2048K, 2 young (4096K), 2 survivors (4096K)
 Metaspace       used 24414K, capacity 24727K, committed 24960K, reserved 1071104K
  class space    used 2577K, capacity 2663K, committed 2688K, reserved 1048576K
}
Event: 1.433 GC heap before
{Heap before GC invocations=5 (full 0):
 garbage-first heap   total 43008K, used 22846K [0x0000000702c00000, 0x0000000800000000)
  region size 2048K, 10 young (20480K), 2 survivors (4096K)
 Metaspace       used 26961K, capacity 27256K, committed 27520K, reserved 1073152K
  class space    used 2847K, capacity 2925K, committed 2944K, reserved 1048576K
}
Event: 1.436 GC heap after
{Heap after GC invocations=6 (full 0):
 garbage-first heap   total 43008K, used 9961K [0x0000000702c00000, 0x0000000800000000)
  region size 2048K, 2 young (4096K), 2 survivors (4096K)
 Metaspace       used 26961K, capacity 27256K, committed 27520K, reserved 1073152K
  class space    used 2847K, capacity 2925K, committed 2944K, reserved 1048576K
}
Event: 1.623 GC heap before
{Heap before GC invocations=6 (full 0):
 garbage-first heap   total 43008K, used 26345K [0x0000000702c00000, 0x0000000800000000)
  region size 2048K, 10 young (20480K), 2 survivors (4096K)
 Metaspace       used 29491K, capacity 29752K, committed 29952K, reserved 1075200K
  class space    used 3224K, capacity 3309K, committed 3328K, reserved 1048576K
}
Event: 1.626 GC heap after
{Heap after GC invocations=7 (full 0):
 garbage-first heap   total 43008K, used 10770K [0x0000000702c00000, 0x0000000800000000)
  region size 2048K, 2 young (4096K), 2 survivors (4096K)
 Metaspace       used 29491K, capacity 29752K, committed 29952K, reserved 1075200K
  class space    used 3224K, capacity 3309K, committed 3328K, reserved 1048576K
}
Event: 1.746 GC heap before
{Heap before GC invocations=7 (full 0):
 garbage-first heap   total 43008K, used 27154K [0x0000000702c00000, 0x0000000800000000)
  region size 2048K, 10 young (20480K), 2 survivors (4096K)
 Metaspace       used 31063K, capacity 31347K, committed 31616K, reserved 1077248K
  class space    used 3549K, capacity 3667K, committed 3712K, reserved 1048576K
}
Event: 1.748 GC heap after
{Heap after GC invocations=8 (full 0):
 garbage-first heap   total 151552K, used 11003K [0x0000000702c00000, 0x0000000800000000)
  region size 2048K, 1 young (2048K), 1 survivors (2048K)
 Metaspace       used 31063K, capacity 31347K, committed 31616K, reserved 1077248K
  class space    used 3549K, capacity 3667K, committed 3712K, reserved 1048576K
}

