# JRE version: OpenJDK Runtime Environment (15.0.1+9) (build 15.0.1+9-18)
# Java VM: OpenJDK 64-Bit Server VM (15.0.1+9-18, mixed mode, tiered, compressed oops, g1 gc, windows-amd64)
GC Precious Log:
 CPUs: 16 total, 16 available
 Memory: 16203M
 Large Page Support: Disabled
 NUMA Support: Disabled
 Compressed Oops: Enabled (Zero based)
 Heap Region Size: 2M
 Heap Min Capacity: 8M
 Heap Initial Capacity: 254M
 Heap Max Capacity: 4052M
 Pre-touch: Disabled
 Parallel Workers: 13
 Concurrent Workers: 3
 Concurrent Refinement Workers: 13
 Periodic GC: Disabled
Heap:
 garbage-first heap   total 153600K, used 64164K [0x0000000702c00000, 0x0000000800000000)
  region size 2048K, 29 young (59392K), 2 survivors (4096K)
 Metaspace       used 33757K, capacity 34097K, committed 34304K, reserved 1079296K
  class space    used 3977K, capacity 4089K, committed 4096K, reserved 1048576K
GC Heap History (12 events):
Event: 0.472 GC heap before
{Heap before GC invocations=0 (full 0):
 garbage-first heap   total 260096K, used 22528K [0x0000000702c00000, 0x0000000800000000)
  region size 2048K, 11 young (22528K), 0 survivors (0K)
 Metaspace       used 12042K, capacity 12256K, committed 12416K, reserved 1060864K
  class space    used 1068K, capacity 1119K, committed 1152K, reserved 1048576K
}
Event: 0.476 GC heap after
{Heap after GC invocations=1 (full 0):
 garbage-first heap   total 260096K, used 4404K [0x0000000702c00000, 0x0000000800000000)
  region size 2048K, 2 young (4096K), 2 survivors (4096K)
 Metaspace       used 12042K, capacity 12256K, committed 12416K, reserved 1060864K
  class space    used 1068K, capacity 1119K, committed 1152K, reserved 1048576K
}
Event: 0.738 GC heap before
{Heap before GC invocations=1 (full 0):
 garbage-first heap   total 260096K, used 33076K [0x0000000702c00000, 0x0000000800000000)
  region size 2048K, 16 young (32768K), 2 survivors (4096K)
 Metaspace       used 16150K, capacity 16352K, committed 16640K, reserved 1064960K
  class space    used 1611K, capacity 1695K, committed 1792K, reserved 1048576K
}
Event: 0.740 GC heap after
{Heap after GC invocations=2 (full 0):
 garbage-first heap   total 260096K, used 5403K [0x0000000702c00000, 0x0000000800000000)
  region size 2048K, 1 young (2048K), 1 survivors (2048K)
 Metaspace       used 16150K, capacity 16352K, committed 16640K, reserved 1064960K
  class space    used 1611K, capacity 1695K, committed 1792K, reserved 1048576K
}
Event: 1.044 GC heap before
{Heap before GC invocations=2 (full 0):
 garbage-first heap   total 260096K, used 44315K [0x0000000702c00000, 0x0000000800000000)
  region size 2048K, 21 young (43008K), 1 survivors (2048K)
 Metaspace       used 20799K, capacity 21037K, committed 21248K, reserved 1069056K
  class space    used 2198K, capacity 2289K, committed 2304K, reserved 1048576K
}
Event: 1.047 GC heap after
{Heap after GC invocations=3 (full 0):
 garbage-first heap   total 260096K, used 6676K [0x0000000702c00000, 0x0000000800000000)
  region size 2048K, 2 young (4096K), 2 survivors (4096K)
 Metaspace       used 20799K, capacity 21037K, committed 21248K, reserved 1069056K
  class space    used 2198K, capacity 2289K, committed 2304K, reserved 1048576K
}
Event: 1.254 GC heap before
{Heap before GC invocations=4 (full 0):
 garbage-first heap   total 40960K, used 35348K [0x0000000702c00000, 0x0000000800000000)
  region size 2048K, 17 young (34816K), 2 survivors (4096K)
 Metaspace       used 24438K, capacity 24727K, committed 24960K, reserved 1071104K
  class space    used 2577K, capacity 2663K, committed 2688K, reserved 1048576K
}
Event: 1.257 GC heap after
{Heap after GC invocations=5 (full 0):
 garbage-first heap   total 47104K, used 8589K [0x0000000702c00000, 0x0000000800000000)
  region size 2048K, 3 young (6144K), 3 survivors (6144K)
 Metaspace       used 24438K, capacity 24727K, committed 24960K, reserved 1071104K
  class space    used 2577K, capacity 2663K, committed 2688K, reserved 1048576K
}
Event: 1.485 GC heap before
{Heap before GC invocations=5 (full 0):
 garbage-first heap   total 47104K, used 29069K [0x0000000702c00000, 0x0000000800000000)
  region size 2048K, 13 young (26624K), 3 survivors (6144K)
 Metaspace       used 28531K, capacity 28792K, committed 29056K, reserved 1075200K
  class space    used 3063K, capacity 3181K, committed 3200K, reserved 1048576K
}
Event: 1.490 GC heap after
{Heap after GC invocations=6 (full 0):
 garbage-first heap   total 47104K, used 10401K [0x0000000702c00000, 0x0000000800000000)
  region size 2048K, 2 young (4096K), 2 survivors (4096K)
 Metaspace       used 28531K, capacity 28792K, committed 29056K, reserved 1075200K
  class space    used 3063K, capacity 3181K, committed 3200K, reserved 1048576K
}
Event: 1.633 GC heap before
{Heap before GC invocations=6 (full 0):
 garbage-first heap   total 47104K, used 28833K [0x0000000702c00000, 0x0000000800000000)
  region size 2048K, 11 young (22528K), 2 survivors (4096K)
 Metaspace       used 30411K, capacity 30643K, committed 30720K, reserved 1077248K
  class space    used 3423K, capacity 3539K, committed 3584K, reserved 1048576K
}
Event: 1.636 GC heap after
{Heap after GC invocations=7 (full 0):
 garbage-first heap   total 153600K, used 10916K [0x0000000702c00000, 0x0000000800000000)
  region size 2048K, 2 young (4096K), 2 survivors (4096K)
 Metaspace       used 30411K, capacity 30643K, committed 30720K, reserved 1077248K
  class space    used 3423K, capacity 3539K, committed 3584K, reserved 1048576K
}

