# JRE version: OpenJDK Runtime Environment (15.0.1+9) (build 15.0.1+9-18)
# Java VM: OpenJDK 64-Bit Server VM (15.0.1+9-18, mixed mode, tiered, compressed oops, g1 gc, windows-amd64)
GC Precious Log:
 CPUs: 16 total, 16 available
 Memory: 16203M
 Large Page Support: Disabled
 NUMA Support: Disabled
 Compressed Oops: Enabled (Zero based)
 Heap Region Size: 2M
 Heap Min Capacity: 8M
 Heap Initial Capacity: 254M
 Heap Max Capacity: 4052M
 Pre-touch: Disabled
 Parallel Workers: 13
 Concurrent Workers: 3
 Concurrent Refinement Workers: 13
 Periodic GC: Disabled
Heap:
 garbage-first heap   total 43008K, used 22537K [0x0000000702c00000, 0x0000000800000000)
  region size 2048K, 9 young (18432K), 1 survivors (2048K)
 Metaspace       used 27151K, capacity 27459K, committed 27772K, reserved 1073152K
  class space    used 3268K, capacity 3389K, committed 3452K, reserved 1048576K
GC Heap History (10 events):
Event: 0.470 GC heap before
{Heap before GC invocations=0 (full 0):
 garbage-first heap   total 260096K, used 20480K [0x0000000702c00000, 0x0000000800000000)
  region size 2048K, 11 young (22528K), 0 survivors (0K)
 Metaspace       used 12038K, capacity 12256K, committed 12416K, reserved 1060864K
  class space    used 1068K, capacity 1119K, committed 1152K, reserved 1048576K
}
Event: 0.472 GC heap after
{Heap after GC invocations=1 (full 0):
 garbage-first heap   total 260096K, used 4707K [0x0000000702c00000, 0x0000000800000000)
  region size 2048K, 2 young (4096K), 2 survivors (4096K)
 Metaspace       used 12038K, capacity 12256K, committed 12416K, reserved 1060864K
  class space    used 1068K, capacity 1119K, committed 1152K, reserved 1048576K
}
Event: 0.714 GC heap before
{Heap before GC invocations=1 (full 0):
 garbage-first heap   total 260096K, used 31331K [0x0000000702c00000, 0x0000000800000000)
  region size 2048K, 15 young (30720K), 2 survivors (4096K)
 Metaspace       used 15933K, capacity 16090K, committed 16256K, reserved 1064960K
  class space    used 1585K, capacity 1629K, committed 1664K, reserved 1048576K
}
Event: 0.717 GC heap after
{Heap after GC invocations=2 (full 0):
 garbage-first heap   total 260096K, used 5465K [0x0000000702c00000, 0x0000000800000000)
  region size 2048K, 1 young (2048K), 1 survivors (2048K)
 Metaspace       used 15933K, capacity 16090K, committed 16256K, reserved 1064960K
  class space    used 1585K, capacity 1629K, committed 1664K, reserved 1048576K
}
Event: 1.052 GC heap before
{Heap before GC invocations=2 (full 0):
 garbage-first heap   total 260096K, used 46425K [0x0000000702c00000, 0x0000000800000000)
  region size 2048K, 22 young (45056K), 1 survivors (2048K)
 Metaspace       used 21049K, capacity 21229K, committed 21248K, reserved 1069056K
  class space    used 2222K, capacity 2289K, committed 2304K, reserved 1048576K
}
Event: 1.054 GC heap after
{Heap after GC invocations=3 (full 0):
 garbage-first heap   total 260096K, used 6781K [0x0000000702c00000, 0x0000000800000000)
  region size 2048K, 2 young (4096K), 2 survivors (4096K)
 Metaspace       used 21049K, capacity 21229K, committed 21248K, reserved 1069056K
  class space    used 2222K, capacity 2289K, committed 2304K, reserved 1048576K
}
Event: 1.264 GC heap before
{Heap before GC invocations=4 (full 0):
 garbage-first heap   total 40960K, used 33405K [0x0000000702c00000, 0x0000000800000000)
  region size 2048K, 15 young (30720K), 2 survivors (4096K)
 Metaspace       used 24355K, capacity 24559K, committed 24700K, reserved 1071104K
  class space    used 2787K, capacity 2860K, committed 2940K, reserved 1048576K
}
Event: 1.267 GC heap after
{Heap after GC invocations=5 (full 0):
 garbage-first heap   total 43008K, used 7721K [0x0000000702c00000, 0x0000000800000000)
  region size 2048K, 2 young (4096K), 2 survivors (4096K)
 Metaspace       used 24355K, capacity 24559K, committed 24700K, reserved 1071104K
  class space    used 2787K, capacity 2860K, committed 2940K, reserved 1048576K
}
Event: 1.396 GC heap before
{Heap before GC invocations=5 (full 0):
 garbage-first heap   total 43008K, used 26153K [0x0000000702c00000, 0x0000000800000000)
  region size 2048K, 11 young (22528K), 2 survivors (4096K)
 Metaspace       used 25863K, capacity 26133K, committed 26236K, reserved 1073152K
  class space    used 3066K, capacity 3149K, committed 3196K, reserved 1048576K
}
Event: 1.399 GC heap after
{Heap after GC invocations=6 (full 0):
 garbage-first heap   total 43008K, used 8201K [0x0000000702c00000, 0x0000000800000000)
  region size 2048K, 1 young (2048K), 1 survivors (2048K)
 Metaspace       used 25863K, capacity 26133K, committed 26236K, reserved 1073152K
  class space    used 3066K, capacity 3149K, committed 3196K, reserved 1048576K
}

