# JRE version: OpenJDK Runtime Environment (15.0.1+9) (build 15.0.1+9-18)
# Java VM: OpenJDK 64-Bit Server VM (15.0.1+9-18, mixed mode, tiered, compressed oops, g1 gc, windows-amd64)
GC Precious Log:
 CPUs: 16 total, 16 available
 Memory: 16203M
 Large Page Support: Disabled
 NUMA Support: Disabled
 Compressed Oops: Enabled (Zero based)
 Heap Region Size: 2M
 Heap Min Capacity: 8M
 Heap Initial Capacity: 254M
 Heap Max Capacity: 4052M
 Pre-touch: Disabled
 Parallel Workers: 13
 Concurrent Workers: 3
 Concurrent Refinement Workers: 13
 Periodic GC: Disabled
Heap:
 garbage-first heap   total 153600K, used 61945K [0x0000000702c00000, 0x0000000800000000)
  region size 2048K, 28 young (57344K), 2 survivors (4096K)
 Metaspace       used 33753K, capacity 34033K, committed 34048K, reserved 1079296K
  class space    used 3983K, capacity 4089K, committed 4096K, reserved 1048576K
GC Heap History (12 events):
Event: 0.479 GC heap before
{Heap before GC invocations=0 (full 0):
 garbage-first heap   total 260096K, used 22528K [0x0000000702c00000, 0x0000000800000000)
  region size 2048K, 11 young (22528K), 0 survivors (0K)
 Metaspace       used 12042K, capacity 12256K, committed 12416K, reserved 1060864K
  class space    used 1068K, capacity 1119K, committed 1152K, reserved 1048576K
}
Event: 0.482 GC heap after
{Heap after GC invocations=1 (full 0):
 garbage-first heap   total 260096K, used 4670K [0x0000000702c00000, 0x0000000800000000)
  region size 2048K, 2 young (4096K), 2 survivors (4096K)
 Metaspace       used 12042K, capacity 12256K, committed 12416K, reserved 1060864K
  class space    used 1068K, capacity 1119K, committed 1152K, reserved 1048576K
}
Event: 0.741 GC heap before
{Heap before GC invocations=1 (full 0):
 garbage-first heap   total 260096K, used 33342K [0x0000000702c00000, 0x0000000800000000)
  region size 2048K, 16 young (32768K), 2 survivors (4096K)
 Metaspace       used 16121K, capacity 16288K, committed 16640K, reserved 1064960K
  class space    used 1608K, capacity 1695K, committed 1792K, reserved 1048576K
}
Event: 0.744 GC heap after
{Heap after GC invocations=2 (full 0):
 garbage-first heap   total 260096K, used 5351K [0x0000000702c00000, 0x0000000800000000)
  region size 2048K, 1 young (2048K), 1 survivors (2048K)
 Metaspace       used 16121K, capacity 16288K, committed 16640K, reserved 1064960K
  class space    used 1608K, capacity 1695K, committed 1792K, reserved 1048576K
}
Event: 1.047 GC heap before
{Heap before GC invocations=2 (full 0):
 garbage-first heap   total 260096K, used 42215K [0x0000000702c00000, 0x0000000800000000)
  region size 2048K, 21 young (43008K), 1 survivors (2048K)
 Metaspace       used 20811K, capacity 21037K, committed 21248K, reserved 1069056K
  class space    used 2198K, capacity 2289K, committed 2304K, reserved 1048576K
}
Event: 1.049 GC heap after
{Heap after GC invocations=3 (full 0):
 garbage-first heap   total 260096K, used 6628K [0x0000000702c00000, 0x0000000800000000)
  region size 2048K, 2 young (4096K), 2 survivors (4096K)
 Metaspace       used 20811K, capacity 21037K, committed 21248K, reserved 1069056K
  class space    used 2198K, capacity 2289K, committed 2304K, reserved 1048576K
}
Event: 1.274 GC heap before
{Heap before GC invocations=4 (full 0):
 garbage-first heap   total 40960K, used 37348K [0x0000000702c00000, 0x0000000800000000)
  region size 2048K, 17 young (34816K), 2 survivors (4096K)
 Metaspace       used 24568K, capacity 24855K, committed 24960K, reserved 1071104K
  class space    used 2604K, capacity 2663K, committed 2688K, reserved 1048576K
}
Event: 1.278 GC heap after
{Heap after GC invocations=5 (full 0):
 garbage-first heap   total 47104K, used 8700K [0x0000000702c00000, 0x0000000800000000)
  region size 2048K, 3 young (6144K), 3 survivors (6144K)
 Metaspace       used 24568K, capacity 24855K, committed 24960K, reserved 1071104K
  class space    used 2604K, capacity 2663K, committed 2688K, reserved 1048576K
}
Event: 1.509 GC heap before
{Heap before GC invocations=5 (full 0):
 garbage-first heap   total 47104K, used 29180K [0x0000000702c00000, 0x0000000800000000)
  region size 2048K, 13 young (26624K), 3 survivors (6144K)
 Metaspace       used 28608K, capacity 28856K, committed 29056K, reserved 1075200K
  class space    used 3085K, capacity 3181K, committed 3200K, reserved 1048576K
}
Event: 1.513 GC heap after
{Heap after GC invocations=6 (full 0):
 garbage-first heap   total 47104K, used 10474K [0x0000000702c00000, 0x0000000800000000)
  region size 2048K, 1 young (2048K), 1 survivors (2048K)
 Metaspace       used 28608K, capacity 28856K, committed 29056K, reserved 1075200K
  class space    used 3085K, capacity 3181K, committed 3200K, reserved 1048576K
}
Event: 1.670 GC heap before
{Heap before GC invocations=6 (full 0):
 garbage-first heap   total 47104K, used 30954K [0x0000000702c00000, 0x0000000800000000)
  region size 2048K, 11 young (22528K), 1 survivors (2048K)
 Metaspace       used 30696K, capacity 30963K, committed 31104K, reserved 1077248K
  class space    used 3494K, capacity 3603K, committed 3712K, reserved 1048576K
}
Event: 1.672 GC heap after
{Heap after GC invocations=7 (full 0):
 garbage-first heap   total 153600K, used 10745K [0x0000000702c00000, 0x0000000800000000)
  region size 2048K, 2 young (4096K), 2 survivors (4096K)
 Metaspace       used 30696K, capacity 30963K, committed 31104K, reserved 1077248K
  class space    used 3494K, capacity 3603K, committed 3712K, reserved 1048576K
}

