# JRE version: OpenJDK Runtime Environment (15.0.1+9) (build 15.0.1+9-18)
# Java VM: OpenJDK 64-Bit Server VM (15.0.1+9-18, mixed mode, tiered, compressed oops, g1 gc, windows-amd64)
GC Precious Log:
 CPUs: 16 total, 16 available
 Memory: 16203M
 Large Page Support: Disabled
 NUMA Support: Disabled
 Compressed Oops: Enabled (Zero based)
 Heap Region Size: 2M
 Heap Min Capacity: 8M
 Heap Initial Capacity: 254M
 Heap Max Capacity: 4052M
 Pre-touch: Disabled
 Parallel Workers: 13
 Concurrent Workers: 3
 Concurrent Refinement Workers: 13
 Periodic GC: Disabled
Heap:
 garbage-first heap   total 153600K, used 45753K [0x0000000702c00000, 0x0000000800000000)
  region size 2048K, 19 young (38912K), 1 survivors (2048K)
 Metaspace       used 33751K, capacity 34033K, committed 34048K, reserved 1079296K
  class space    used 3981K, capacity 4089K, committed 4096K, reserved 1048576K
GC Heap History (14 events):
Event: 0.482 GC heap before
{Heap before GC invocations=0 (full 0):
 garbage-first heap   total 260096K, used 22528K [0x0000000702c00000, 0x0000000800000000)
  region size 2048K, 11 young (22528K), 0 survivors (0K)
 Metaspace       used 12032K, capacity 12192K, committed 12416K, reserved 1060864K
  class space    used 1068K, capacity 1119K, committed 1152K, reserved 1048576K
}
Event: 0.485 GC heap after
{Heap after GC invocations=1 (full 0):
 garbage-first heap   total 260096K, used 4417K [0x0000000702c00000, 0x0000000800000000)
  region size 2048K, 2 young (4096K), 2 survivors (4096K)
 Metaspace       used 12032K, capacity 12192K, committed 12416K, reserved 1060864K
  class space    used 1068K, capacity 1119K, committed 1152K, reserved 1048576K
}
Event: 0.750 GC heap before
{Heap before GC invocations=1 (full 0):
 garbage-first heap   total 260096K, used 33089K [0x0000000702c00000, 0x0000000800000000)
  region size 2048K, 16 young (32768K), 2 survivors (4096K)
 Metaspace       used 16118K, capacity 16288K, committed 16640K, reserved 1064960K
  class space    used 1607K, capacity 1695K, committed 1792K, reserved 1048576K
}
Event: 0.752 GC heap after
{Heap after GC invocations=2 (full 0):
 garbage-first heap   total 260096K, used 5451K [0x0000000702c00000, 0x0000000800000000)
  region size 2048K, 1 young (2048K), 1 survivors (2048K)
 Metaspace       used 16118K, capacity 16288K, committed 16640K, reserved 1064960K
  class space    used 1607K, capacity 1695K, committed 1792K, reserved 1048576K
}
Event: 1.057 GC heap before
{Heap before GC invocations=2 (full 0):
 garbage-first heap   total 260096K, used 42315K [0x0000000702c00000, 0x0000000800000000)
  region size 2048K, 21 young (43008K), 1 survivors (2048K)
 Metaspace       used 20821K, capacity 21037K, committed 21248K, reserved 1069056K
  class space    used 2198K, capacity 2289K, committed 2304K, reserved 1048576K
}
Event: 1.060 GC heap after
{Heap after GC invocations=3 (full 0):
 garbage-first heap   total 260096K, used 6614K [0x0000000702c00000, 0x0000000800000000)
  region size 2048K, 2 young (4096K), 2 survivors (4096K)
 Metaspace       used 20821K, capacity 21037K, committed 21248K, reserved 1069056K
  class space    used 2198K, capacity 2289K, committed 2304K, reserved 1048576K
}
Event: 1.272 GC heap before
{Heap before GC invocations=4 (full 0):
 garbage-first heap   total 40960K, used 37334K [0x0000000702c00000, 0x0000000800000000)
  region size 2048K, 17 young (34816K), 2 survivors (4096K)
 Metaspace       used 24491K, capacity 24727K, committed 24960K, reserved 1071104K
  class space    used 2588K, capacity 2663K, committed 2688K, reserved 1048576K
}
Event: 1.275 GC heap after
{Heap after GC invocations=5 (full 0):
 garbage-first heap   total 45056K, used 8484K [0x0000000702c00000, 0x0000000800000000)
  region size 2048K, 2 young (4096K), 2 survivors (4096K)
 Metaspace       used 24491K, capacity 24727K, committed 24960K, reserved 1071104K
  class space    used 2588K, capacity 2663K, committed 2688K, reserved 1048576K
}
Event: 1.504 GC heap before
{Heap before GC invocations=5 (full 0):
 garbage-first heap   total 45056K, used 28964K [0x0000000702c00000, 0x0000000800000000)
  region size 2048K, 12 young (24576K), 2 survivors (4096K)
 Metaspace       used 28548K, capacity 28856K, committed 29056K, reserved 1075200K
  class space    used 3069K, capacity 3181K, committed 3200K, reserved 1048576K
}
Event: 1.508 GC heap after
{Heap after GC invocations=6 (full 0):
 garbage-first heap   total 45056K, used 10392K [0x0000000702c00000, 0x0000000800000000)
  region size 2048K, 2 young (4096K), 2 survivors (4096K)
 Metaspace       used 28548K, capacity 28856K, committed 29056K, reserved 1075200K
  class space    used 3069K, capacity 3181K, committed 3200K, reserved 1048576K
}
Event: 1.642 GC heap before
{Heap before GC invocations=6 (full 0):
 garbage-first heap   total 45056K, used 28824K [0x0000000702c00000, 0x0000000800000000)
  region size 2048K, 11 young (22528K), 2 survivors (4096K)
 Metaspace       used 30437K, capacity 30707K, committed 30976K, reserved 1077248K
  class space    used 3432K, capacity 3539K, committed 3584K, reserved 1048576K
}
Event: 1.645 GC heap after
{Heap after GC invocations=7 (full 0):
 garbage-first heap   total 45056K, used 10814K [0x0000000702c00000, 0x0000000800000000)
  region size 2048K, 2 young (4096K), 2 survivors (4096K)
 Metaspace       used 30437K, capacity 30707K, committed 30976K, reserved 1077248K
  class space    used 3432K, capacity 3539K, committed 3584K, reserved 1048576K
}
Event: 1.782 GC heap before
{Heap before GC invocations=7 (full 0):
 garbage-first heap   total 45056K, used 29246K [0x0000000702c00000, 0x0000000800000000)
  region size 2048K, 11 young (22528K), 2 survivors (4096K)
 Metaspace       used 31966K, capacity 32243K, committed 32384K, reserved 1077248K
  class space    used 3740K, capacity 3859K, committed 3968K, reserved 1048576K
}
Event: 1.785 GC heap after
{Heap after GC invocations=8 (full 0):
 garbage-first heap   total 153600K, used 10937K [0x0000000702c00000, 0x0000000800000000)
  region size 2048K, 1 young (2048K), 1 survivors (2048K)
 Metaspace       used 31966K, capacity 32243K, committed 32384K, reserved 1077248K
  class space    used 3740K, capacity 3859K, committed 3968K, reserved 1048576K
}

