# JRE version: OpenJDK Runtime Environment (15.0.1+9) (build 15.0.1+9-18)
# Java VM: OpenJDK 64-Bit Server VM (15.0.1+9-18, mixed mode, tiered, compressed oops, g1 gc, windows-amd64)
GC Precious Log:
 CPUs: 16 total, 16 available
 Memory: 16203M
 Large Page Support: Disabled
 NUMA Support: Disabled
 Compressed Oops: Enabled (Zero based)
 Heap Region Size: 2M
 Heap Min Capacity: 8M
 Heap Initial Capacity: 254M
 Heap Max Capacity: 4052M
 Pre-touch: Disabled
 Parallel Workers: 13
 Concurrent Workers: 3
 Concurrent Refinement Workers: 13
 Periodic GC: Disabled
Heap:
 garbage-first heap   total 38912K, used 20708K [0x0000000702c00000, 0x0000000800000000)
  region size 2048K, 10 young (20480K), 2 survivors (4096K)
 Metaspace       used 28092K, capacity 28342K, committed 28544K, reserved 1075200K
  class space    used 3296K, capacity 3398K, committed 3456K, reserved 1048576K
GC Heap History (12 events):
Event: 0.513 GC heap before
{Heap before GC invocations=0 (full 0):
 garbage-first heap   total 260096K, used 22528K [0x0000000702c00000, 0x0000000800000000)
  region size 2048K, 11 young (22528K), 0 survivors (0K)
 Metaspace       used 12836K, capacity 13077K, committed 13312K, reserved 1060864K
  class space    used 1173K, capacity 1222K, committed 1280K, reserved 1048576K
}
Event: 0.515 GC heap after
{Heap after GC invocations=1 (full 0):
 garbage-first heap   total 260096K, used 4253K [0x0000000702c00000, 0x0000000800000000)
  region size 2048K, 2 young (4096K), 2 survivors (4096K)
 Metaspace       used 12836K, capacity 13077K, committed 13312K, reserved 1060864K
  class space    used 1173K, capacity 1222K, committed 1280K, reserved 1048576K
}
Event: 0.754 GC heap before
{Heap before GC invocations=1 (full 0):
 garbage-first heap   total 260096K, used 34973K [0x0000000702c00000, 0x0000000800000000)
  region size 2048K, 17 young (34816K), 2 survivors (4096K)
 Metaspace       used 16464K, capacity 16704K, committed 16896K, reserved 1064960K
  class space    used 1656K, capacity 1727K, committed 1792K, reserved 1048576K
}
Event: 0.756 GC heap after
{Heap after GC invocations=2 (full 0):
 garbage-first heap   total 260096K, used 5030K [0x0000000702c00000, 0x0000000800000000)
  region size 2048K, 1 young (2048K), 1 survivors (2048K)
 Metaspace       used 16464K, capacity 16704K, committed 16896K, reserved 1064960K
  class space    used 1656K, capacity 1727K, committed 1792K, reserved 1048576K
}
Event: 0.984 GC heap before
{Heap before GC invocations=2 (full 0):
 garbage-first heap   total 260096K, used 35750K [0x0000000702c00000, 0x0000000800000000)
  region size 2048K, 17 young (34816K), 1 survivors (2048K)
 Metaspace       used 20811K, capacity 21053K, committed 21248K, reserved 1069056K
  class space    used 2208K, capacity 2297K, committed 2304K, reserved 1048576K
}
Event: 0.986 GC heap after
{Heap after GC invocations=3 (full 0):
 garbage-first heap   total 260096K, used 6285K [0x0000000702c00000, 0x0000000800000000)
  region size 2048K, 2 young (4096K), 2 survivors (4096K)
 Metaspace       used 20811K, capacity 21053K, committed 21248K, reserved 1069056K
  class space    used 2208K, capacity 2297K, committed 2304K, reserved 1048576K
}
Event: 1.174 GC heap before
{Heap before GC invocations=4 (full 0):
 garbage-first heap   total 34816K, used 32909K [0x0000000702c00000, 0x0000000800000000)
  region size 2048K, 15 young (30720K), 2 survivors (4096K)
 Metaspace       used 23089K, capacity 23320K, committed 23552K, reserved 1071104K
  class space    used 2696K, capacity 2815K, committed 2816K, reserved 1048576K
}
Event: 1.176 GC heap after
{Heap after GC invocations=5 (full 0):
 garbage-first heap   total 38912K, used 6847K [0x0000000702c00000, 0x0000000800000000)
  region size 2048K, 2 young (4096K), 2 survivors (4096K)
 Metaspace       used 23089K, capacity 23320K, committed 23552K, reserved 1071104K
  class space    used 2696K, capacity 2815K, committed 2816K, reserved 1048576K
}
Event: 1.312 GC heap before
{Heap before GC invocations=5 (full 0):
 garbage-first heap   total 38912K, used 25279K [0x0000000702c00000, 0x0000000800000000)
  region size 2048K, 11 young (22528K), 2 survivors (4096K)
 Metaspace       used 24903K, capacity 25162K, committed 25472K, reserved 1071104K
  class space    used 2976K, capacity 3107K, committed 3200K, reserved 1048576K
}
Event: 1.314 GC heap after
{Heap after GC invocations=6 (full 0):
 garbage-first heap   total 38912K, used 7253K [0x0000000702c00000, 0x0000000800000000)
  region size 2048K, 2 young (4096K), 2 survivors (4096K)
 Metaspace       used 24903K, capacity 25162K, committed 25472K, reserved 1071104K
  class space    used 2976K, capacity 3107K, committed 3200K, reserved 1048576K
}
Event: 1.424 GC heap before
{Heap before GC invocations=6 (full 0):
 garbage-first heap   total 38912K, used 23637K [0x0000000702c00000, 0x0000000800000000)
  region size 2048K, 11 young (22528K), 2 survivors (4096K)
 Metaspace       used 26778K, capacity 27021K, committed 27136K, reserved 1073152K
  class space    used 3146K, capacity 3236K, committed 3328K, reserved 1048576K
}
Event: 1.427 GC heap after
{Heap after GC invocations=7 (full 0):
 garbage-first heap   total 38912K, used 8420K [0x0000000702c00000, 0x0000000800000000)
  region size 2048K, 2 young (4096K), 2 survivors (4096K)
 Metaspace       used 26778K, capacity 27021K, committed 27136K, reserved 1073152K
  class space    used 3146K, capacity 3236K, committed 3328K, reserved 1048576K
}

