# JRE version: OpenJDK Runtime Environment (15.0.1+9) (build 15.0.1+9-18)
# Java VM: OpenJDK 64-Bit Server VM (15.0.1+9-18, mixed mode, tiered, compressed oops, g1 gc, windows-amd64)
GC Precious Log:
 CPUs: 16 total, 16 available
 Memory: 16203M
 Large Page Support: Disabled
 NUMA Support: Disabled
 Compressed Oops: Enabled (Zero based)
 Heap Region Size: 2M
 Heap Min Capacity: 8M
 Heap Initial Capacity: 254M
 Heap Max Capacity: 4052M
 Pre-touch: Disabled
 Parallel Workers: 13
 Concurrent Workers: 3
 Concurrent Refinement Workers: 13
 Periodic GC: Disabled
Heap:
 garbage-first heap   total 153600K, used 70284K [0x0000000702c00000, 0x0000000800000000)
  region size 2048K, 32 young (65536K), 2 survivors (4096K)
 Metaspace       used 33752K, capacity 34033K, committed 34048K, reserved 1079296K
  class space    used 3982K, capacity 4089K, committed 4096K, reserved 1048576K
GC Heap History (12 events):
Event: 0.486 GC heap before
{Heap before GC invocations=0 (full 0):
 garbage-first heap   total 260096K, used 22528K [0x0000000702c00000, 0x0000000800000000)
  region size 2048K, 11 young (22528K), 0 survivors (0K)
 Metaspace       used 12021K, capacity 12192K, committed 12416K, reserved 1060864K
  class space    used 1065K, capacity 1119K, committed 1152K, reserved 1048576K
}
Event: 0.489 GC heap after
{Heap after GC invocations=1 (full 0):
 garbage-first heap   total 260096K, used 4393K [0x0000000702c00000, 0x0000000800000000)
  region size 2048K, 2 young (4096K), 2 survivors (4096K)
 Metaspace       used 12021K, capacity 12192K, committed 12416K, reserved 1060864K
  class space    used 1065K, capacity 1119K, committed 1152K, reserved 1048576K
}
Event: 0.757 GC heap before
{Heap before GC invocations=1 (full 0):
 garbage-first heap   total 260096K, used 33065K [0x0000000702c00000, 0x0000000800000000)
  region size 2048K, 16 young (32768K), 2 survivors (4096K)
 Metaspace       used 16082K, capacity 16288K, committed 16640K, reserved 1064960K
  class space    used 1604K, capacity 1695K, committed 1792K, reserved 1048576K
}
Event: 0.760 GC heap after
{Heap after GC invocations=2 (full 0):
 garbage-first heap   total 260096K, used 5522K [0x0000000702c00000, 0x0000000800000000)
  region size 2048K, 1 young (2048K), 1 survivors (2048K)
 Metaspace       used 16082K, capacity 16288K, committed 16640K, reserved 1064960K
  class space    used 1604K, capacity 1695K, committed 1792K, reserved 1048576K
}
Event: 1.070 GC heap before
{Heap before GC invocations=2 (full 0):
 garbage-first heap   total 260096K, used 46482K [0x0000000702c00000, 0x0000000800000000)
  region size 2048K, 23 young (47104K), 1 survivors (2048K)
 Metaspace       used 20805K, capacity 21037K, committed 21248K, reserved 1069056K
  class space    used 2198K, capacity 2289K, committed 2304K, reserved 1048576K
}
Event: 1.072 GC heap after
{Heap after GC invocations=3 (full 0):
 garbage-first heap   total 260096K, used 6649K [0x0000000702c00000, 0x0000000800000000)
  region size 2048K, 2 young (4096K), 2 survivors (4096K)
 Metaspace       used 20805K, capacity 21037K, committed 21248K, reserved 1069056K
  class space    used 2198K, capacity 2289K, committed 2304K, reserved 1048576K
}
Event: 1.284 GC heap before
{Heap before GC invocations=4 (full 0):
 garbage-first heap   total 40960K, used 35321K [0x0000000702c00000, 0x0000000800000000)
  region size 2048K, 16 young (32768K), 2 survivors (4096K)
 Metaspace       used 24417K, capacity 24727K, committed 24960K, reserved 1071104K
  class space    used 2580K, capacity 2663K, committed 2688K, reserved 1048576K
}
Event: 1.287 GC heap after
{Heap after GC invocations=5 (full 0):
 garbage-first heap   total 45056K, used 8577K [0x0000000702c00000, 0x0000000800000000)
  region size 2048K, 2 young (4096K), 2 survivors (4096K)
 Metaspace       used 24417K, capacity 24727K, committed 24960K, reserved 1071104K
  class space    used 2580K, capacity 2663K, committed 2688K, reserved 1048576K
}
Event: 1.440 GC heap before
{Heap before GC invocations=5 (full 0):
 garbage-first heap   total 45056K, used 24961K [0x0000000702c00000, 0x0000000800000000)
  region size 2048K, 11 young (22528K), 2 survivors (4096K)
 Metaspace       used 27681K, capacity 28024K, committed 28160K, reserved 1075200K
  class space    used 2963K, capacity 3053K, committed 3072K, reserved 1048576K
}
Event: 1.443 GC heap after
{Heap after GC invocations=6 (full 0):
 garbage-first heap   total 45056K, used 10067K [0x0000000702c00000, 0x0000000800000000)
  region size 2048K, 2 young (4096K), 2 survivors (4096K)
 Metaspace       used 27681K, capacity 28024K, committed 28160K, reserved 1075200K
  class space    used 2963K, capacity 3053K, committed 3072K, reserved 1048576K
}
Event: 1.618 GC heap before
{Heap before GC invocations=6 (full 0):
 garbage-first heap   total 45056K, used 26451K [0x0000000702c00000, 0x0000000800000000)
  region size 2048K, 10 young (20480K), 2 survivors (4096K)
 Metaspace       used 29630K, capacity 29912K, committed 30080K, reserved 1075200K
  class space    used 3253K, capacity 3341K, committed 3456K, reserved 1048576K
}
Event: 1.621 GC heap after
{Heap after GC invocations=7 (full 0):
 garbage-first heap   total 153600K, used 10892K [0x0000000702c00000, 0x0000000800000000)
  region size 2048K, 2 young (4096K), 2 survivors (4096K)
 Metaspace       used 29630K, capacity 29912K, committed 30080K, reserved 1075200K
  class space    used 3253K, capacity 3341K, committed 3456K, reserved 1048576K
}

