# JRE version: OpenJDK Runtime Environment (15.0.1+9) (build 15.0.1+9-18)
# Java VM: OpenJDK 64-Bit Server VM (15.0.1+9-18, mixed mode, tiered, compressed oops, g1 gc, windows-amd64)
GC Precious Log:
 CPUs: 16 total, 16 available
 Memory: 16203M
 Large Page Support: Disabled
 NUMA Support: Disabled
 Compressed Oops: Enabled (Zero based)
 Heap Region Size: 2M
 Heap Min Capacity: 8M
 Heap Initial Capacity: 254M
 Heap Max Capacity: 4052M
 Pre-touch: Disabled
 Parallel Workers: 13
 Concurrent Workers: 3
 Concurrent Refinement Workers: 13
 Periodic GC: Disabled
Heap:
 garbage-first heap   total 45056K, used 14244K [0x0000000702c00000, 0x0000000800000000)
  region size 2048K, 5 young (10240K), 1 survivors (2048K)
 Metaspace       used 27152K, capacity 27459K, committed 27772K, reserved 1073152K
  class space    used 3270K, capacity 3389K, committed 3452K, reserved 1048576K
GC Heap History (10 events):
Event: 0.490 GC heap before
{Heap before GC invocations=0 (full 0):
 garbage-first heap   total 260096K, used 20480K [0x0000000702c00000, 0x0000000800000000)
  region size 2048K, 11 young (22528K), 0 survivors (0K)
 Metaspace       used 12040K, capacity 12256K, committed 12416K, reserved 1060864K
  class space    used 1068K, capacity 1119K, committed 1152K, reserved 1048576K
}
Event: 0.493 GC heap after
{Heap after GC invocations=1 (full 0):
 garbage-first heap   total 260096K, used 4650K [0x0000000702c00000, 0x0000000800000000)
  region size 2048K, 2 young (4096K), 2 survivors (4096K)
 Metaspace       used 12040K, capacity 12256K, committed 12416K, reserved 1060864K
  class space    used 1068K, capacity 1119K, committed 1152K, reserved 1048576K
}
Event: 0.762 GC heap before
{Heap before GC invocations=1 (full 0):
 garbage-first heap   total 260096K, used 35370K [0x0000000702c00000, 0x0000000800000000)
  region size 2048K, 17 young (34816K), 2 survivors (4096K)
 Metaspace       used 16183K, capacity 16320K, committed 16512K, reserved 1064960K
  class space    used 1621K, capacity 1663K, committed 1664K, reserved 1048576K
}
Event: 0.764 GC heap after
{Heap after GC invocations=2 (full 0):
 garbage-first heap   total 260096K, used 5523K [0x0000000702c00000, 0x0000000800000000)
  region size 2048K, 1 young (2048K), 1 survivors (2048K)
 Metaspace       used 16183K, capacity 16320K, committed 16512K, reserved 1064960K
  class space    used 1621K, capacity 1663K, committed 1664K, reserved 1048576K
}
Event: 1.059 GC heap before
{Heap before GC invocations=2 (full 0):
 garbage-first heap   total 260096K, used 44435K [0x0000000702c00000, 0x0000000800000000)
  region size 2048K, 21 young (43008K), 1 survivors (2048K)
 Metaspace       used 21049K, capacity 21229K, committed 21248K, reserved 1069056K
  class space    used 2224K, capacity 2289K, committed 2304K, reserved 1048576K
}
Event: 1.062 GC heap after
{Heap after GC invocations=3 (full 0):
 garbage-first heap   total 260096K, used 6795K [0x0000000702c00000, 0x0000000800000000)
  region size 2048K, 2 young (4096K), 2 survivors (4096K)
 Metaspace       used 21049K, capacity 21229K, committed 21248K, reserved 1069056K
  class space    used 2224K, capacity 2289K, committed 2304K, reserved 1048576K
}
Event: 1.298 GC heap before
{Heap before GC invocations=4 (full 0):
 garbage-first heap   total 40960K, used 37515K [0x0000000702c00000, 0x0000000800000000)
  region size 2048K, 17 young (34816K), 2 survivors (4096K)
 Metaspace       used 24765K, capacity 25039K, committed 25340K, reserved 1071104K
  class space    used 2853K, capacity 2956K, committed 3068K, reserved 1048576K
}
Event: 1.301 GC heap after
{Heap after GC invocations=5 (full 0):
 garbage-first heap   total 45056K, used 7740K [0x0000000702c00000, 0x0000000800000000)
  region size 2048K, 2 young (4096K), 2 survivors (4096K)
 Metaspace       used 24765K, capacity 25039K, committed 25340K, reserved 1071104K
  class space    used 2853K, capacity 2956K, committed 3068K, reserved 1048576K
}
Event: 1.435 GC heap before
{Heap before GC invocations=5 (full 0):
 garbage-first heap   total 45056K, used 28220K [0x0000000702c00000, 0x0000000800000000)
  region size 2048K, 12 young (24576K), 2 survivors (4096K)
 Metaspace       used 26520K, capacity 26779K, committed 26876K, reserved 1073152K
  class space    used 3184K, capacity 3279K, committed 3324K, reserved 1048576K
}
Event: 1.438 GC heap after
{Heap after GC invocations=6 (full 0):
 garbage-first heap   total 45056K, used 8100K [0x0000000702c00000, 0x0000000800000000)
  region size 2048K, 1 young (2048K), 1 survivors (2048K)
 Metaspace       used 26520K, capacity 26779K, committed 26876K, reserved 1073152K
  class space    used 3184K, capacity 3279K, committed 3324K, reserved 1048576K
}

