2021-04-03 01:37:06 [main] INFO  App:10 - Initializing Parking System
2021-04-03 01:37:06 [main] INFO  InteractiveShell:14 - App initialized!!!
2021-04-03 01:37:46 [main] INFO  DataBaseTestConfig:19 - Create DB connection
2021-04-03 01:37:47 [main] INFO  DataBaseTestConfig:30 - Closing DB connection
2021-04-03 01:37:47 [main] INFO  DataBaseTestConfig:19 - Create DB connection
2021-04-03 01:37:47 [main] INFO  DataBaseTestConfig:30 - Closing DB connection
2021-04-03 01:37:47 [main] INFO  DataBaseTestConfig:19 - Create DB connection
2021-04-03 01:37:47 [main] INFO  DataBaseTestConfig:52 - Closing Result Set
2021-04-03 01:37:47 [main] INFO  DataBaseTestConfig:41 - Closing Prepared Statement
2021-04-03 01:37:47 [main] INFO  DataBaseTestConfig:30 - Closing DB connection
2021-04-03 01:37:47 [main] INFO  DataBaseTestConfig:19 - Create DB connection
2021-04-03 01:37:47 [main] INFO  DataBaseTestConfig:52 - Closing Result Set
2021-04-03 01:37:47 [main] INFO  DataBaseTestConfig:41 - Closing Prepared Statement
2021-04-03 01:37:47 [main] INFO  DataBaseTestConfig:30 - Closing DB connection
2021-04-03 01:37:47 [main] INFO  DataBaseTestConfig:19 - Create DB connection
2021-04-03 01:37:47 [main] INFO  DataBaseTestConfig:41 - Closing Prepared Statement
2021-04-03 01:37:47 [main] INFO  DataBaseTestConfig:30 - Closing DB connection
2021-04-03 01:37:47 [main] INFO  DataBaseTestConfig:19 - Create DB connection
2021-04-03 01:37:47 [main] INFO  DataBaseTestConfig:30 - Closing DB connection
2021-04-03 01:37:47 [main] INFO  DataBaseTestConfig:19 - Create DB connection
2021-04-03 01:37:47 [main] INFO  DataBaseTestConfig:52 - Closing Result Set
2021-04-03 01:37:47 [main] INFO  DataBaseTestConfig:41 - Closing Prepared Statement
2021-04-03 01:37:47 [main] INFO  DataBaseTestConfig:30 - Closing DB connection
2021-04-03 01:37:47 [main] INFO  DataBaseTestConfig:19 - Create DB connection
2021-04-03 01:37:47 [main] INFO  DataBaseTestConfig:52 - Closing Result Set
2021-04-03 01:37:47 [main] INFO  DataBaseTestConfig:41 - Closing Prepared Statement
2021-04-03 01:37:47 [main] INFO  DataBaseTestConfig:30 - Closing DB connection
2021-04-03 01:37:47 [main] ERROR ParkingService:137 - Unable to process exiting vehicle
java.lang.IllegalArgumentException: Out time provided is incorrect:Sat Apr 03 01:37:47 CEST 2021
	at com.parkit.parkingsystem.service.FareCalculatorService.calculateFare(FareCalculatorService.java:10) ~[classes/:?]
	at com.parkit.parkingsystem.service.ParkingService.processExitingVehicle(ParkingService.java:116) ~[classes/:?]
	at com.parkit.parkingsystem.integration.ParkingDataBaseIT.testParkingLotExit(ParkingDataBaseIT.java:108) ~[test-classes/:?]
	at jdk.internal.reflect.NativeMethodAccessorImpl.invoke0(Native Method) ~[?:?]
	at jdk.internal.reflect.NativeMethodAccessorImpl.invoke(NativeMethodAccessorImpl.java:64) ~[?:?]
	at jdk.internal.reflect.DelegatingMethodAccessorImpl.invoke(DelegatingMethodAccessorImpl.java:43) ~[?:?]
	at java.lang.reflect.Method.invoke(Method.java:564) ~[?:?]
	at org.junit.platform.commons.util.ReflectionUtils.invokeMethod(ReflectionUtils.java:532) ~[junit-platform-commons-1.3.2.jar:1.3.2]
	at org.junit.jupiter.engine.execution.ExecutableInvoker.invoke(ExecutableInvoker.java:115) ~[junit-jupiter-engine-5.3.2.jar:5.3.2]
	at org.junit.jupiter.engine.descriptor.TestMethodTestDescriptor.lambda$invokeTestMethod$6(TestMethodTestDescriptor.java:171) ~[junit-jupiter-engine-5.3.2.jar:5.3.2]
	at org.junit.platform.engine.support.hierarchical.ThrowableCollector.execute(ThrowableCollector.java:72) ~[junit-platform-engine-1.3.2.jar:1.3.2]
	at org.junit.jupiter.engine.descriptor.TestMethodTestDescriptor.invokeTestMethod(TestMethodTestDescriptor.java:167) ~[junit-jupiter-engine-5.3.2.jar:5.3.2]
	at org.junit.jupiter.engine.descriptor.TestMethodTestDescriptor.execute(TestMethodTestDescriptor.java:114) ~[junit-jupiter-engine-5.3.2.jar:5.3.2]
	at org.junit.jupiter.engine.descriptor.TestMethodTestDescriptor.execute(TestMethodTestDescriptor.java:59) ~[junit-jupiter-engine-5.3.2.jar:5.3.2]
	at org.junit.platform.engine.support.hierarchical.NodeTestTask.lambda$executeRecursively$4(NodeTestTask.java:108) ~[junit-platform-engine-1.3.2.jar:1.3.2]
	at org.junit.platform.engine.support.hierarchical.ThrowableCollector.execute(ThrowableCollector.java:72) ~[junit-platform-engine-1.3.2.jar:1.3.2]
	at org.junit.platform.engine.support.hierarchical.NodeTestTask.executeRecursively(NodeTestTask.java:98) ~[junit-platform-engine-1.3.2.jar:1.3.2]
	at org.junit.platform.engine.support.hierarchical.NodeTestTask.execute(NodeTestTask.java:74) ~[junit-platform-engine-1.3.2.jar:1.3.2]
	at java.util.ArrayList.forEach(ArrayList.java:1511) ~[?:?]
	at org.junit.platform.engine.support.hierarchical.SameThreadHierarchicalTestExecutorService.invokeAll(SameThreadHierarchicalTestExecutorService.java:38) ~[junit-platform-engine-1.3.2.jar:1.3.2]
	at org.junit.platform.engine.support.hierarchical.NodeTestTask.lambda$executeRecursively$4(NodeTestTask.java:112) ~[junit-platform-engine-1.3.2.jar:1.3.2]
	at org.junit.platform.engine.support.hierarchical.ThrowableCollector.execute(ThrowableCollector.java:72) ~[junit-platform-engine-1.3.2.jar:1.3.2]
	at org.junit.platform.engine.support.hierarchical.NodeTestTask.executeRecursively(NodeTestTask.java:98) ~[junit-platform-engine-1.3.2.jar:1.3.2]
	at org.junit.platform.engine.support.hierarchical.NodeTestTask.execute(NodeTestTask.java:74) ~[junit-platform-engine-1.3.2.jar:1.3.2]
	at java.util.ArrayList.forEach(ArrayList.java:1511) ~[?:?]
	at org.junit.platform.engine.support.hierarchical.SameThreadHierarchicalTestExecutorService.invokeAll(SameThreadHierarchicalTestExecutorService.java:38) ~[junit-platform-engine-1.3.2.jar:1.3.2]
	at org.junit.platform.engine.support.hierarchical.NodeTestTask.lambda$executeRecursively$4(NodeTestTask.java:112) ~[junit-platform-engine-1.3.2.jar:1.3.2]
	at org.junit.platform.engine.support.hierarchical.ThrowableCollector.execute(ThrowableCollector.java:72) ~[junit-platform-engine-1.3.2.jar:1.3.2]
	at org.junit.platform.engine.support.hierarchical.NodeTestTask.executeRecursively(NodeTestTask.java:98) ~[junit-platform-engine-1.3.2.jar:1.3.2]
	at org.junit.platform.engine.support.hierarchical.NodeTestTask.execute(NodeTestTask.java:74) ~[junit-platform-engine-1.3.2.jar:1.3.2]
	at org.junit.platform.engine.support.hierarchical.SameThreadHierarchicalTestExecutorService.submit(SameThreadHierarchicalTestExecutorService.java:32) ~[junit-platform-engine-1.3.2.jar:1.3.2]
	at org.junit.platform.engine.support.hierarchical.HierarchicalTestExecutor.execute(HierarchicalTestExecutor.java:57) ~[junit-platform-engine-1.3.2.jar:1.3.2]
	at org.junit.platform.engine.support.hierarchical.HierarchicalTestEngine.execute(HierarchicalTestEngine.java:51) ~[junit-platform-engine-1.3.2.jar:1.3.2]
	at org.junit.platform.launcher.core.DefaultLauncher.execute(DefaultLauncher.java:220) ~[junit-platform-launcher-1.3.2.jar:1.3.2]
	at org.junit.platform.launcher.core.DefaultLauncher.lambda$execute$6(DefaultLauncher.java:188) ~[junit-platform-launcher-1.3.2.jar:1.3.2]
	at org.junit.platform.launcher.core.DefaultLauncher.withInterceptedStreams(DefaultLauncher.java:202) [junit-platform-launcher-1.3.2.jar:1.3.2]
	at org.junit.platform.launcher.core.DefaultLauncher.execute(DefaultLauncher.java:181) [junit-platform-launcher-1.3.2.jar:1.3.2]
	at org.junit.platform.launcher.core.DefaultLauncher.execute(DefaultLauncher.java:128) [junit-platform-launcher-1.3.2.jar:1.3.2]
	at org.eclipse.jdt.internal.junit5.runner.JUnit5TestReference.run(JUnit5TestReference.java:100) [.cp/:?]
	at org.eclipse.jdt.internal.junit.runner.TestExecution.run(TestExecution.java:41) [.cp/:?]
	at org.eclipse.jdt.internal.junit.runner.RemoteTestRunner.runTests(RemoteTestRunner.java:542) [.cp/:?]
	at org.eclipse.jdt.internal.junit.runner.RemoteTestRunner.runTests(RemoteTestRunner.java:770) [.cp/:?]
	at org.eclipse.jdt.internal.junit.runner.RemoteTestRunner.run(RemoteTestRunner.java:464) [.cp/:?]
	at org.eclipse.jdt.internal.junit.runner.RemoteTestRunner.main(RemoteTestRunner.java:210) [.cp/:?]
2021-04-03 01:37:47 [main] INFO  DataBaseTestConfig:19 - Create DB connection
2021-04-03 01:37:47 [main] INFO  DataBaseTestConfig:52 - Closing Result Set
2021-04-03 01:37:47 [main] INFO  DataBaseTestConfig:41 - Closing Prepared Statement
2021-04-03 01:37:47 [main] INFO  DataBaseTestConfig:30 - Closing DB connection
2021-04-03 01:37:47 [main] INFO  DataBaseTestConfig:19 - Create DB connection
2021-04-03 01:37:47 [main] INFO  DataBaseTestConfig:52 - Closing Result Set
2021-04-03 01:37:47 [main] INFO  DataBaseTestConfig:41 - Closing Prepared Statement
2021-04-03 01:37:47 [main] INFO  DataBaseTestConfig:30 - Closing DB connection
2021-04-03 01:37:47 [main] INFO  DataBaseTestConfig:19 - Create DB connection
2021-04-03 01:37:47 [main] INFO  DataBaseTestConfig:52 - Closing Result Set
2021-04-03 01:37:47 [main] INFO  DataBaseTestConfig:41 - Closing Prepared Statement
2021-04-03 01:37:47 [main] INFO  DataBaseTestConfig:30 - Closing DB connection
2021-04-03 01:37:47 [main] INFO  DataBaseTestConfig:19 - Create DB connection
2021-04-03 01:37:47 [main] ERROR TicketDAO:85 - Error saving ticket info
java.lang.NullPointerException: Cannot invoke "java.util.Date.getTime()" because the return value of "com.parkit.parkingsystem.model.Ticket.getOutTime()" is null
	at com.parkit.parkingsystem.dao.TicketDAO.updateTicket(TicketDAO.java:79) ~[classes/:?]
	at com.parkit.parkingsystem.integration.ParkingDataBaseIT.testParkingLotExit(ParkingDataBaseIT.java:112) ~[test-classes/:?]
	at jdk.internal.reflect.NativeMethodAccessorImpl.invoke0(Native Method) ~[?:?]
	at jdk.internal.reflect.NativeMethodAccessorImpl.invoke(NativeMethodAccessorImpl.java:64) ~[?:?]
	at jdk.internal.reflect.DelegatingMethodAccessorImpl.invoke(DelegatingMethodAccessorImpl.java:43) ~[?:?]
	at java.lang.reflect.Method.invoke(Method.java:564) ~[?:?]
	at org.junit.platform.commons.util.ReflectionUtils.invokeMethod(ReflectionUtils.java:532) ~[junit-platform-commons-1.3.2.jar:1.3.2]
	at org.junit.jupiter.engine.execution.ExecutableInvoker.invoke(ExecutableInvoker.java:115) ~[junit-jupiter-engine-5.3.2.jar:5.3.2]
	at org.junit.jupiter.engine.descriptor.TestMethodTestDescriptor.lambda$invokeTestMethod$6(TestMethodTestDescriptor.java:171) ~[junit-jupiter-engine-5.3.2.jar:5.3.2]
	at org.junit.platform.engine.support.hierarchical.ThrowableCollector.execute(ThrowableCollector.java:72) ~[junit-platform-engine-1.3.2.jar:1.3.2]
	at org.junit.jupiter.engine.descriptor.TestMethodTestDescriptor.invokeTestMethod(TestMethodTestDescriptor.java:167) ~[junit-jupiter-engine-5.3.2.jar:5.3.2]
	at org.junit.jupiter.engine.descriptor.TestMethodTestDescriptor.execute(TestMethodTestDescriptor.java:114) ~[junit-jupiter-engine-5.3.2.jar:5.3.2]
	at org.junit.jupiter.engine.descriptor.TestMethodTestDescriptor.execute(TestMethodTestDescriptor.java:59) ~[junit-jupiter-engine-5.3.2.jar:5.3.2]
	at org.junit.platform.engine.support.hierarchical.NodeTestTask.lambda$executeRecursively$4(NodeTestTask.java:108) ~[junit-platform-engine-1.3.2.jar:1.3.2]
	at org.junit.platform.engine.support.hierarchical.ThrowableCollector.execute(ThrowableCollector.java:72) ~[junit-platform-engine-1.3.2.jar:1.3.2]
	at org.junit.platform.engine.support.hierarchical.NodeTestTask.executeRecursively(NodeTestTask.java:98) ~[junit-platform-engine-1.3.2.jar:1.3.2]
	at org.junit.platform.engine.support.hierarchical.NodeTestTask.execute(NodeTestTask.java:74) ~[junit-platform-engine-1.3.2.jar:1.3.2]
	at java.util.ArrayList.forEach(ArrayList.java:1511) ~[?:?]
	at org.junit.platform.engine.support.hierarchical.SameThreadHierarchicalTestExecutorService.invokeAll(SameThreadHierarchicalTestExecutorService.java:38) ~[junit-platform-engine-1.3.2.jar:1.3.2]
	at org.junit.platform.engine.support.hierarchical.NodeTestTask.lambda$executeRecursively$4(NodeTestTask.java:112) ~[junit-platform-engine-1.3.2.jar:1.3.2]
	at org.junit.platform.engine.support.hierarchical.ThrowableCollector.execute(ThrowableCollector.java:72) ~[junit-platform-engine-1.3.2.jar:1.3.2]
	at org.junit.platform.engine.support.hierarchical.NodeTestTask.executeRecursively(NodeTestTask.java:98) ~[junit-platform-engine-1.3.2.jar:1.3.2]
	at org.junit.platform.engine.support.hierarchical.NodeTestTask.execute(NodeTestTask.java:74) ~[junit-platform-engine-1.3.2.jar:1.3.2]
	at java.util.ArrayList.forEach(ArrayList.java:1511) ~[?:?]
	at org.junit.platform.engine.support.hierarchical.SameThreadHierarchicalTestExecutorService.invokeAll(SameThreadHierarchicalTestExecutorService.java:38) ~[junit-platform-engine-1.3.2.jar:1.3.2]
	at org.junit.platform.engine.support.hierarchical.NodeTestTask.lambda$executeRecursively$4(NodeTestTask.java:112) ~[junit-platform-engine-1.3.2.jar:1.3.2]
	at org.junit.platform.engine.support.hierarchical.ThrowableCollector.execute(ThrowableCollector.java:72) ~[junit-platform-engine-1.3.2.jar:1.3.2]
	at org.junit.platform.engine.support.hierarchical.NodeTestTask.executeRecursively(NodeTestTask.java:98) ~[junit-platform-engine-1.3.2.jar:1.3.2]
	at org.junit.platform.engine.support.hierarchical.NodeTestTask.execute(NodeTestTask.java:74) ~[junit-platform-engine-1.3.2.jar:1.3.2]
	at org.junit.platform.engine.support.hierarchical.SameThreadHierarchicalTestExecutorService.submit(SameThreadHierarchicalTestExecutorService.java:32) ~[junit-platform-engine-1.3.2.jar:1.3.2]
	at org.junit.platform.engine.support.hierarchical.HierarchicalTestExecutor.execute(HierarchicalTestExecutor.java:57) ~[junit-platform-engine-1.3.2.jar:1.3.2]
	at org.junit.platform.engine.support.hierarchical.HierarchicalTestEngine.execute(HierarchicalTestEngine.java:51) ~[junit-platform-engine-1.3.2.jar:1.3.2]
	at org.junit.platform.launcher.core.DefaultLauncher.execute(DefaultLauncher.java:220) ~[junit-platform-launcher-1.3.2.jar:1.3.2]
	at org.junit.platform.launcher.core.DefaultLauncher.lambda$execute$6(DefaultLauncher.java:188) ~[junit-platform-launcher-1.3.2.jar:1.3.2]
	at org.junit.platform.launcher.core.DefaultLauncher.withInterceptedStreams(DefaultLauncher.java:202) [junit-platform-launcher-1.3.2.jar:1.3.2]
	at org.junit.platform.launcher.core.DefaultLauncher.execute(DefaultLauncher.java:181) [junit-platform-launcher-1.3.2.jar:1.3.2]
	at org.junit.platform.launcher.core.DefaultLauncher.execute(DefaultLauncher.java:128) [junit-platform-launcher-1.3.2.jar:1.3.2]
	at org.eclipse.jdt.internal.junit5.runner.JUnit5TestReference.run(JUnit5TestReference.java:100) [.cp/:?]
	at org.eclipse.jdt.internal.junit.runner.TestExecution.run(TestExecution.java:41) [.cp/:?]
	at org.eclipse.jdt.internal.junit.runner.RemoteTestRunner.runTests(RemoteTestRunner.java:542) [.cp/:?]
	at org.eclipse.jdt.internal.junit.runner.RemoteTestRunner.runTests(RemoteTestRunner.java:770) [.cp/:?]
	at org.eclipse.jdt.internal.junit.runner.RemoteTestRunner.run(RemoteTestRunner.java:464) [.cp/:?]
	at org.eclipse.jdt.internal.junit.runner.RemoteTestRunner.main(RemoteTestRunner.java:210) [.cp/:?]
2021-04-03 01:37:47 [main] INFO  DataBaseTestConfig:30 - Closing DB connection
2021-04-03 01:37:47 [main] INFO  DataBaseTestConfig:19 - Create DB connection
2021-04-03 01:37:47 [main] INFO  DataBaseTestConfig:30 - Closing DB connection
2021-04-03 01:37:47 [main] INFO  DataBaseTestConfig:19 - Create DB connection
2021-04-03 01:37:47 [main] INFO  DataBaseTestConfig:52 - Closing Result Set
2021-04-03 01:37:47 [main] INFO  DataBaseTestConfig:41 - Closing Prepared Statement
2021-04-03 01:37:47 [main] INFO  DataBaseTestConfig:30 - Closing DB connection
2021-04-03 01:37:47 [main] INFO  DataBaseTestConfig:19 - Create DB connection
2021-04-03 01:37:47 [main] INFO  DataBaseTestConfig:52 - Closing Result Set
2021-04-03 01:37:47 [main] INFO  DataBaseTestConfig:41 - Closing Prepared Statement
2021-04-03 01:37:47 [main] INFO  DataBaseTestConfig:30 - Closing DB connection
2021-04-03 01:37:47 [main] INFO  DataBaseTestConfig:19 - Create DB connection
2021-04-03 01:37:47 [main] INFO  DataBaseTestConfig:41 - Closing Prepared Statement
2021-04-03 01:37:47 [main] INFO  DataBaseTestConfig:30 - Closing DB connection
2021-04-03 01:37:47 [main] INFO  DataBaseTestConfig:19 - Create DB connection
2021-04-03 01:37:47 [main] INFO  DataBaseTestConfig:30 - Closing DB connection
2021-04-03 01:37:47 [main] INFO  DataBaseTestConfig:19 - Create DB connection
2021-04-03 01:37:47 [main] INFO  DataBaseTestConfig:52 - Closing Result Set
2021-04-03 01:37:47 [main] INFO  DataBaseTestConfig:41 - Closing Prepared Statement
2021-04-03 01:37:47 [main] INFO  DataBaseTestConfig:30 - Closing DB connection
2021-04-03 01:37:47 [main] INFO  DataBaseTestConfig:19 - Create DB connection
2021-04-03 01:37:47 [main] INFO  DataBaseTestConfig:52 - Closing Result Set
2021-04-03 01:37:47 [main] INFO  DataBaseTestConfig:41 - Closing Prepared Statement
2021-04-03 01:37:47 [main] INFO  DataBaseTestConfig:30 - Closing DB connection
2021-04-03 01:37:47 [main] INFO  DataBaseTestConfig:19 - Create DB connection
2021-04-03 01:37:47 [main] INFO  DataBaseTestConfig:52 - Closing Result Set
2021-04-03 01:37:47 [main] INFO  DataBaseTestConfig:41 - Closing Prepared Statement
2021-04-03 01:37:47 [main] INFO  DataBaseTestConfig:30 - Closing DB connection
2021-04-03 01:37:47 [main] INFO  DataBaseTestConfig:19 - Create DB connection
2021-04-03 01:37:47 [main] INFO  DataBaseTestConfig:52 - Closing Result Set
2021-04-03 01:37:47 [main] INFO  DataBaseTestConfig:41 - Closing Prepared Statement
2021-04-03 01:37:47 [main] INFO  DataBaseTestConfig:30 - Closing DB connection
2021-04-03 01:37:47 [main] INFO  DataBaseTestConfig:19 - Create DB connection
2021-04-03 01:37:47 [main] INFO  DataBaseTestConfig:52 - Closing Result Set
2021-04-03 01:37:47 [main] INFO  DataBaseTestConfig:41 - Closing Prepared Statement
2021-04-03 01:37:47 [main] INFO  DataBaseTestConfig:30 - Closing DB connection
2021-04-03 01:37:47 [main] INFO  DataBaseTestConfig:19 - Create DB connection
2021-04-03 01:37:47 [main] INFO  DataBaseTestConfig:30 - Closing DB connection
2021-04-03 01:39:15 [main] INFO  DataBaseTestConfig:19 - Create DB connection
2021-04-03 01:39:15 [main] INFO  DataBaseTestConfig:30 - Closing DB connection
2021-04-03 01:39:15 [main] INFO  DataBaseTestConfig:19 - Create DB connection
2021-04-03 01:39:15 [main] INFO  DataBaseTestConfig:30 - Closing DB connection
2021-04-03 01:39:15 [main] INFO  DataBaseTestConfig:19 - Create DB connection
2021-04-03 01:39:15 [main] INFO  DataBaseTestConfig:52 - Closing Result Set
2021-04-03 01:39:15 [main] INFO  DataBaseTestConfig:41 - Closing Prepared Statement
2021-04-03 01:39:15 [main] INFO  DataBaseTestConfig:30 - Closing DB connection
2021-04-03 01:39:15 [main] INFO  DataBaseTestConfig:19 - Create DB connection
2021-04-03 01:39:15 [main] INFO  DataBaseTestConfig:52 - Closing Result Set
2021-04-03 01:39:15 [main] INFO  DataBaseTestConfig:41 - Closing Prepared Statement
2021-04-03 01:39:15 [main] INFO  DataBaseTestConfig:30 - Closing DB connection
2021-04-03 01:39:15 [main] INFO  DataBaseTestConfig:19 - Create DB connection
2021-04-03 01:39:15 [main] INFO  DataBaseTestConfig:41 - Closing Prepared Statement
2021-04-03 01:39:15 [main] INFO  DataBaseTestConfig:30 - Closing DB connection
2021-04-03 01:39:15 [main] INFO  DataBaseTestConfig:19 - Create DB connection
2021-04-03 01:39:15 [main] INFO  DataBaseTestConfig:30 - Closing DB connection
2021-04-03 01:39:15 [main] INFO  DataBaseTestConfig:19 - Create DB connection
2021-04-03 01:39:15 [main] INFO  DataBaseTestConfig:52 - Closing Result Set
2021-04-03 01:39:15 [main] INFO  DataBaseTestConfig:41 - Closing Prepared Statement
2021-04-03 01:39:15 [main] INFO  DataBaseTestConfig:30 - Closing DB connection
2021-04-03 01:39:15 [main] INFO  DataBaseTestConfig:19 - Create DB connection
2021-04-03 01:39:15 [main] INFO  DataBaseTestConfig:52 - Closing Result Set
2021-04-03 01:39:15 [main] INFO  DataBaseTestConfig:41 - Closing Prepared Statement
2021-04-03 01:39:15 [main] INFO  DataBaseTestConfig:30 - Closing DB connection
2021-04-03 01:39:15 [main] ERROR ParkingService:137 - Unable to process exiting vehicle
java.lang.IllegalArgumentException: Out time provided is incorrect:Sat Apr 03 01:39:15 CEST 2021
	at com.parkit.parkingsystem.service.FareCalculatorService.calculateFare(FareCalculatorService.java:10) ~[classes/:?]
	at com.parkit.parkingsystem.service.ParkingService.processExitingVehicle(ParkingService.java:116) ~[classes/:?]
	at com.parkit.parkingsystem.integration.ParkingDataBaseIT.testParkingLotExit(ParkingDataBaseIT.java:108) ~[test-classes/:?]
	at jdk.internal.reflect.NativeMethodAccessorImpl.invoke0(Native Method) ~[?:?]
	at jdk.internal.reflect.NativeMethodAccessorImpl.invoke(NativeMethodAccessorImpl.java:64) ~[?:?]
	at jdk.internal.reflect.DelegatingMethodAccessorImpl.invoke(DelegatingMethodAccessorImpl.java:43) ~[?:?]
	at java.lang.reflect.Method.invoke(Method.java:564) ~[?:?]
	at org.junit.platform.commons.util.ReflectionUtils.invokeMethod(ReflectionUtils.java:532) ~[junit-platform-commons-1.3.2.jar:1.3.2]
	at org.junit.jupiter.engine.execution.ExecutableInvoker.invoke(ExecutableInvoker.java:115) ~[junit-jupiter-engine-5.3.2.jar:5.3.2]
	at org.junit.jupiter.engine.descriptor.TestMethodTestDescriptor.lambda$invokeTestMethod$6(TestMethodTestDescriptor.java:171) ~[junit-jupiter-engine-5.3.2.jar:5.3.2]
	at org.junit.platform.engine.support.hierarchical.ThrowableCollector.execute(ThrowableCollector.java:72) ~[junit-platform-engine-1.3.2.jar:1.3.2]
	at org.junit.jupiter.engine.descriptor.TestMethodTestDescriptor.invokeTestMethod(TestMethodTestDescriptor.java:167) ~[junit-jupiter-engine-5.3.2.jar:5.3.2]
	at org.junit.jupiter.engine.descriptor.TestMethodTestDescriptor.execute(TestMethodTestDescriptor.java:114) ~[junit-jupiter-engine-5.3.2.jar:5.3.2]
	at org.junit.jupiter.engine.descriptor.TestMethodTestDescriptor.execute(TestMethodTestDescriptor.java:59) ~[junit-jupiter-engine-5.3.2.jar:5.3.2]
	at org.junit.platform.engine.support.hierarchical.NodeTestTask.lambda$executeRecursively$4(NodeTestTask.java:108) ~[junit-platform-engine-1.3.2.jar:1.3.2]
	at org.junit.platform.engine.support.hierarchical.ThrowableCollector.execute(ThrowableCollector.java:72) ~[junit-platform-engine-1.3.2.jar:1.3.2]
	at org.junit.platform.engine.support.hierarchical.NodeTestTask.executeRecursively(NodeTestTask.java:98) ~[junit-platform-engine-1.3.2.jar:1.3.2]
	at org.junit.platform.engine.support.hierarchical.NodeTestTask.execute(NodeTestTask.java:74) ~[junit-platform-engine-1.3.2.jar:1.3.2]
	at java.util.ArrayList.forEach(ArrayList.java:1511) ~[?:?]
	at org.junit.platform.engine.support.hierarchical.SameThreadHierarchicalTestExecutorService.invokeAll(SameThreadHierarchicalTestExecutorService.java:38) ~[junit-platform-engine-1.3.2.jar:1.3.2]
	at org.junit.platform.engine.support.hierarchical.NodeTestTask.lambda$executeRecursively$4(NodeTestTask.java:112) ~[junit-platform-engine-1.3.2.jar:1.3.2]
	at org.junit.platform.engine.support.hierarchical.ThrowableCollector.execute(ThrowableCollector.java:72) ~[junit-platform-engine-1.3.2.jar:1.3.2]
	at org.junit.platform.engine.support.hierarchical.NodeTestTask.executeRecursively(NodeTestTask.java:98) ~[junit-platform-engine-1.3.2.jar:1.3.2]
	at org.junit.platform.engine.support.hierarchical.NodeTestTask.execute(NodeTestTask.java:74) ~[junit-platform-engine-1.3.2.jar:1.3.2]
	at java.util.ArrayList.forEach(ArrayList.java:1511) ~[?:?]
	at org.junit.platform.engine.support.hierarchical.SameThreadHierarchicalTestExecutorService.invokeAll(SameThreadHierarchicalTestExecutorService.java:38) ~[junit-platform-engine-1.3.2.jar:1.3.2]
	at org.junit.platform.engine.support.hierarchical.NodeTestTask.lambda$executeRecursively$4(NodeTestTask.java:112) ~[junit-platform-engine-1.3.2.jar:1.3.2]
	at org.junit.platform.engine.support.hierarchical.ThrowableCollector.execute(ThrowableCollector.java:72) ~[junit-platform-engine-1.3.2.jar:1.3.2]
	at org.junit.platform.engine.support.hierarchical.NodeTestTask.executeRecursively(NodeTestTask.java:98) ~[junit-platform-engine-1.3.2.jar:1.3.2]
	at org.junit.platform.engine.support.hierarchical.NodeTestTask.execute(NodeTestTask.java:74) ~[junit-platform-engine-1.3.2.jar:1.3.2]
	at org.junit.platform.engine.support.hierarchical.SameThreadHierarchicalTestExecutorService.submit(SameThreadHierarchicalTestExecutorService.java:32) ~[junit-platform-engine-1.3.2.jar:1.3.2]
	at org.junit.platform.engine.support.hierarchical.HierarchicalTestExecutor.execute(HierarchicalTestExecutor.java:57) ~[junit-platform-engine-1.3.2.jar:1.3.2]
	at org.junit.platform.engine.support.hierarchical.HierarchicalTestEngine.execute(HierarchicalTestEngine.java:51) ~[junit-platform-engine-1.3.2.jar:1.3.2]
	at org.junit.platform.launcher.core.DefaultLauncher.execute(DefaultLauncher.java:220) ~[junit-platform-launcher-1.3.2.jar:1.3.2]
	at org.junit.platform.launcher.core.DefaultLauncher.lambda$execute$6(DefaultLauncher.java:188) ~[junit-platform-launcher-1.3.2.jar:1.3.2]
	at org.junit.platform.launcher.core.DefaultLauncher.withInterceptedStreams(DefaultLauncher.java:202) [junit-platform-launcher-1.3.2.jar:1.3.2]
	at org.junit.platform.launcher.core.DefaultLauncher.execute(DefaultLauncher.java:181) [junit-platform-launcher-1.3.2.jar:1.3.2]
	at org.junit.platform.launcher.core.DefaultLauncher.execute(DefaultLauncher.java:128) [junit-platform-launcher-1.3.2.jar:1.3.2]
	at org.eclipse.jdt.internal.junit5.runner.JUnit5TestReference.run(JUnit5TestReference.java:100) [.cp/:?]
	at org.eclipse.jdt.internal.junit.runner.TestExecution.run(TestExecution.java:41) [.cp/:?]
	at org.eclipse.jdt.internal.junit.runner.RemoteTestRunner.runTests(RemoteTestRunner.java:542) [.cp/:?]
	at org.eclipse.jdt.internal.junit.runner.RemoteTestRunner.runTests(RemoteTestRunner.java:770) [.cp/:?]
	at org.eclipse.jdt.internal.junit.runner.RemoteTestRunner.run(RemoteTestRunner.java:464) [.cp/:?]
	at org.eclipse.jdt.internal.junit.runner.RemoteTestRunner.main(RemoteTestRunner.java:210) [.cp/:?]
2021-04-03 01:39:15 [main] INFO  DataBaseTestConfig:19 - Create DB connection
2021-04-03 01:39:15 [main] INFO  DataBaseTestConfig:52 - Closing Result Set
2021-04-03 01:39:15 [main] INFO  DataBaseTestConfig:41 - Closing Prepared Statement
2021-04-03 01:39:15 [main] INFO  DataBaseTestConfig:30 - Closing DB connection
2021-04-03 01:39:15 [main] INFO  DataBaseTestConfig:19 - Create DB connection
2021-04-03 01:39:15 [main] INFO  DataBaseTestConfig:52 - Closing Result Set
2021-04-03 01:39:15 [main] INFO  DataBaseTestConfig:41 - Closing Prepared Statement
2021-04-03 01:39:15 [main] INFO  DataBaseTestConfig:30 - Closing DB connection
2021-04-03 01:39:15 [main] INFO  DataBaseTestConfig:19 - Create DB connection
2021-04-03 01:39:16 [main] INFO  DataBaseTestConfig:52 - Closing Result Set
2021-04-03 01:39:16 [main] INFO  DataBaseTestConfig:41 - Closing Prepared Statement
2021-04-03 01:39:16 [main] INFO  DataBaseTestConfig:30 - Closing DB connection
2021-04-03 01:39:16 [main] INFO  DataBaseTestConfig:19 - Create DB connection
2021-04-03 01:39:16 [main] ERROR TicketDAO:85 - Error saving ticket info
java.lang.NullPointerException: Cannot invoke "java.util.Date.getTime()" because the return value of "com.parkit.parkingsystem.model.Ticket.getOutTime()" is null
	at com.parkit.parkingsystem.dao.TicketDAO.updateTicket(TicketDAO.java:79) ~[classes/:?]
	at com.parkit.parkingsystem.integration.ParkingDataBaseIT.testParkingLotExit(ParkingDataBaseIT.java:112) ~[test-classes/:?]
	at jdk.internal.reflect.NativeMethodAccessorImpl.invoke0(Native Method) ~[?:?]
	at jdk.internal.reflect.NativeMethodAccessorImpl.invoke(NativeMethodAccessorImpl.java:64) ~[?:?]
	at jdk.internal.reflect.DelegatingMethodAccessorImpl.invoke(DelegatingMethodAccessorImpl.java:43) ~[?:?]
	at java.lang.reflect.Method.invoke(Method.java:564) ~[?:?]
	at org.junit.platform.commons.util.ReflectionUtils.invokeMethod(ReflectionUtils.java:532) ~[junit-platform-commons-1.3.2.jar:1.3.2]
	at org.junit.jupiter.engine.execution.ExecutableInvoker.invoke(ExecutableInvoker.java:115) ~[junit-jupiter-engine-5.3.2.jar:5.3.2]
	at org.junit.jupiter.engine.descriptor.TestMethodTestDescriptor.lambda$invokeTestMethod$6(TestMethodTestDescriptor.java:171) ~[junit-jupiter-engine-5.3.2.jar:5.3.2]
	at org.junit.platform.engine.support.hierarchical.ThrowableCollector.execute(ThrowableCollector.java:72) ~[junit-platform-engine-1.3.2.jar:1.3.2]
	at org.junit.jupiter.engine.descriptor.TestMethodTestDescriptor.invokeTestMethod(TestMethodTestDescriptor.java:167) ~[junit-jupiter-engine-5.3.2.jar:5.3.2]
	at org.junit.jupiter.engine.descriptor.TestMethodTestDescriptor.execute(TestMethodTestDescriptor.java:114) ~[junit-jupiter-engine-5.3.2.jar:5.3.2]
	at org.junit.jupiter.engine.descriptor.TestMethodTestDescriptor.execute(TestMethodTestDescriptor.java:59) ~[junit-jupiter-engine-5.3.2.jar:5.3.2]
	at org.junit.platform.engine.support.hierarchical.NodeTestTask.lambda$executeRecursively$4(NodeTestTask.java:108) ~[junit-platform-engine-1.3.2.jar:1.3.2]
	at org.junit.platform.engine.support.hierarchical.ThrowableCollector.execute(ThrowableCollector.java:72) ~[junit-platform-engine-1.3.2.jar:1.3.2]
	at org.junit.platform.engine.support.hierarchical.NodeTestTask.executeRecursively(NodeTestTask.java:98) ~[junit-platform-engine-1.3.2.jar:1.3.2]
	at org.junit.platform.engine.support.hierarchical.NodeTestTask.execute(NodeTestTask.java:74) ~[junit-platform-engine-1.3.2.jar:1.3.2]
	at java.util.ArrayList.forEach(ArrayList.java:1511) ~[?:?]
	at org.junit.platform.engine.support.hierarchical.SameThreadHierarchicalTestExecutorService.invokeAll(SameThreadHierarchicalTestExecutorService.java:38) ~[junit-platform-engine-1.3.2.jar:1.3.2]
	at org.junit.platform.engine.support.hierarchical.NodeTestTask.lambda$executeRecursively$4(NodeTestTask.java:112) ~[junit-platform-engine-1.3.2.jar:1.3.2]
	at org.junit.platform.engine.support.hierarchical.ThrowableCollector.execute(ThrowableCollector.java:72) ~[junit-platform-engine-1.3.2.jar:1.3.2]
	at org.junit.platform.engine.support.hierarchical.NodeTestTask.executeRecursively(NodeTestTask.java:98) ~[junit-platform-engine-1.3.2.jar:1.3.2]
	at org.junit.platform.engine.support.hierarchical.NodeTestTask.execute(NodeTestTask.java:74) ~[junit-platform-engine-1.3.2.jar:1.3.2]
	at java.util.ArrayList.forEach(ArrayList.java:1511) ~[?:?]
	at org.junit.platform.engine.support.hierarchical.SameThreadHierarchicalTestExecutorService.invokeAll(SameThreadHierarchicalTestExecutorService.java:38) ~[junit-platform-engine-1.3.2.jar:1.3.2]
	at org.junit.platform.engine.support.hierarchical.NodeTestTask.lambda$executeRecursively$4(NodeTestTask.java:112) ~[junit-platform-engine-1.3.2.jar:1.3.2]
	at org.junit.platform.engine.support.hierarchical.ThrowableCollector.execute(ThrowableCollector.java:72) ~[junit-platform-engine-1.3.2.jar:1.3.2]
	at org.junit.platform.engine.support.hierarchical.NodeTestTask.executeRecursively(NodeTestTask.java:98) ~[junit-platform-engine-1.3.2.jar:1.3.2]
	at org.junit.platform.engine.support.hierarchical.NodeTestTask.execute(NodeTestTask.java:74) ~[junit-platform-engine-1.3.2.jar:1.3.2]
	at org.junit.platform.engine.support.hierarchical.SameThreadHierarchicalTestExecutorService.submit(SameThreadHierarchicalTestExecutorService.java:32) ~[junit-platform-engine-1.3.2.jar:1.3.2]
	at org.junit.platform.engine.support.hierarchical.HierarchicalTestExecutor.execute(HierarchicalTestExecutor.java:57) ~[junit-platform-engine-1.3.2.jar:1.3.2]
	at org.junit.platform.engine.support.hierarchical.HierarchicalTestEngine.execute(HierarchicalTestEngine.java:51) ~[junit-platform-engine-1.3.2.jar:1.3.2]
	at org.junit.platform.launcher.core.DefaultLauncher.execute(DefaultLauncher.java:220) ~[junit-platform-launcher-1.3.2.jar:1.3.2]
	at org.junit.platform.launcher.core.DefaultLauncher.lambda$execute$6(DefaultLauncher.java:188) ~[junit-platform-launcher-1.3.2.jar:1.3.2]
	at org.junit.platform.launcher.core.DefaultLauncher.withInterceptedStreams(DefaultLauncher.java:202) [junit-platform-launcher-1.3.2.jar:1.3.2]
	at org.junit.platform.launcher.core.DefaultLauncher.execute(DefaultLauncher.java:181) [junit-platform-launcher-1.3.2.jar:1.3.2]
	at org.junit.platform.launcher.core.DefaultLauncher.execute(DefaultLauncher.java:128) [junit-platform-launcher-1.3.2.jar:1.3.2]
	at org.eclipse.jdt.internal.junit5.runner.JUnit5TestReference.run(JUnit5TestReference.java:100) [.cp/:?]
	at org.eclipse.jdt.internal.junit.runner.TestExecution.run(TestExecution.java:41) [.cp/:?]
	at org.eclipse.jdt.internal.junit.runner.RemoteTestRunner.runTests(RemoteTestRunner.java:542) [.cp/:?]
	at org.eclipse.jdt.internal.junit.runner.RemoteTestRunner.runTests(RemoteTestRunner.java:770) [.cp/:?]
	at org.eclipse.jdt.internal.junit.runner.RemoteTestRunner.run(RemoteTestRunner.java:464) [.cp/:?]
	at org.eclipse.jdt.internal.junit.runner.RemoteTestRunner.main(RemoteTestRunner.java:210) [.cp/:?]
2021-04-03 01:39:16 [main] INFO  DataBaseTestConfig:30 - Closing DB connection
2021-04-03 01:39:16 [main] INFO  DataBaseTestConfig:19 - Create DB connection
2021-04-03 01:39:16 [main] INFO  DataBaseTestConfig:30 - Closing DB connection
2021-04-03 01:39:16 [main] INFO  DataBaseTestConfig:19 - Create DB connection
2021-04-03 01:39:16 [main] INFO  DataBaseTestConfig:52 - Closing Result Set
2021-04-03 01:39:16 [main] INFO  DataBaseTestConfig:41 - Closing Prepared Statement
2021-04-03 01:39:16 [main] INFO  DataBaseTestConfig:30 - Closing DB connection
2021-04-03 01:39:16 [main] INFO  DataBaseTestConfig:19 - Create DB connection
2021-04-03 01:39:16 [main] INFO  DataBaseTestConfig:52 - Closing Result Set
2021-04-03 01:39:16 [main] INFO  DataBaseTestConfig:41 - Closing Prepared Statement
2021-04-03 01:39:16 [main] INFO  DataBaseTestConfig:30 - Closing DB connection
2021-04-03 01:39:16 [main] INFO  DataBaseTestConfig:19 - Create DB connection
2021-04-03 01:39:16 [main] INFO  DataBaseTestConfig:41 - Closing Prepared Statement
2021-04-03 01:39:16 [main] INFO  DataBaseTestConfig:30 - Closing DB connection
2021-04-03 01:39:16 [main] INFO  DataBaseTestConfig:19 - Create DB connection
2021-04-03 01:39:16 [main] INFO  DataBaseTestConfig:30 - Closing DB connection
2021-04-03 01:39:16 [main] INFO  DataBaseTestConfig:19 - Create DB connection
2021-04-03 01:39:16 [main] INFO  DataBaseTestConfig:52 - Closing Result Set
2021-04-03 01:39:16 [main] INFO  DataBaseTestConfig:41 - Closing Prepared Statement
2021-04-03 01:39:16 [main] INFO  DataBaseTestConfig:30 - Closing DB connection
2021-04-03 01:39:16 [main] INFO  DataBaseTestConfig:19 - Create DB connection
2021-04-03 01:39:16 [main] INFO  DataBaseTestConfig:52 - Closing Result Set
2021-04-03 01:39:16 [main] INFO  DataBaseTestConfig:41 - Closing Prepared Statement
2021-04-03 01:39:16 [main] INFO  DataBaseTestConfig:30 - Closing DB connection
2021-04-03 01:39:16 [main] INFO  DataBaseTestConfig:19 - Create DB connection
2021-04-03 01:39:16 [main] INFO  DataBaseTestConfig:52 - Closing Result Set
2021-04-03 01:39:16 [main] INFO  DataBaseTestConfig:41 - Closing Prepared Statement
2021-04-03 01:39:16 [main] INFO  DataBaseTestConfig:30 - Closing DB connection
2021-04-03 01:39:16 [main] INFO  DataBaseTestConfig:19 - Create DB connection
2021-04-03 01:39:16 [main] INFO  DataBaseTestConfig:52 - Closing Result Set
2021-04-03 01:39:16 [main] INFO  DataBaseTestConfig:41 - Closing Prepared Statement
2021-04-03 01:39:16 [main] INFO  DataBaseTestConfig:30 - Closing DB connection
2021-04-03 01:39:16 [main] INFO  DataBaseTestConfig:19 - Create DB connection
2021-04-03 01:39:16 [main] INFO  DataBaseTestConfig:52 - Closing Result Set
2021-04-03 01:39:16 [main] INFO  DataBaseTestConfig:41 - Closing Prepared Statement
2021-04-03 01:39:16 [main] INFO  DataBaseTestConfig:30 - Closing DB connection
2021-04-03 01:39:16 [main] INFO  DataBaseTestConfig:19 - Create DB connection
2021-04-03 01:39:16 [main] INFO  DataBaseTestConfig:30 - Closing DB connection
2021-04-03 01:39:21 [main] INFO  DataBaseTestConfig:19 - Create DB connection
2021-04-03 01:39:21 [main] INFO  DataBaseTestConfig:30 - Closing DB connection
2021-04-03 01:39:21 [main] INFO  DataBaseTestConfig:19 - Create DB connection
2021-04-03 01:39:21 [main] INFO  DataBaseTestConfig:30 - Closing DB connection
2021-04-03 01:39:21 [main] INFO  DataBaseTestConfig:19 - Create DB connection
2021-04-03 01:39:21 [main] INFO  DataBaseTestConfig:52 - Closing Result Set
2021-04-03 01:39:21 [main] INFO  DataBaseTestConfig:41 - Closing Prepared Statement
2021-04-03 01:39:21 [main] INFO  DataBaseTestConfig:30 - Closing DB connection
2021-04-03 01:39:21 [main] INFO  DataBaseTestConfig:19 - Create DB connection
2021-04-03 01:39:21 [main] INFO  DataBaseTestConfig:52 - Closing Result Set
2021-04-03 01:39:21 [main] INFO  DataBaseTestConfig:41 - Closing Prepared Statement
2021-04-03 01:39:21 [main] INFO  DataBaseTestConfig:30 - Closing DB connection
2021-04-03 01:39:21 [main] INFO  DataBaseTestConfig:19 - Create DB connection
2021-04-03 01:39:21 [main] INFO  DataBaseTestConfig:41 - Closing Prepared Statement
2021-04-03 01:39:21 [main] INFO  DataBaseTestConfig:30 - Closing DB connection
2021-04-03 01:39:21 [main] INFO  DataBaseTestConfig:19 - Create DB connection
2021-04-03 01:39:21 [main] INFO  DataBaseTestConfig:30 - Closing DB connection
2021-04-03 01:39:22 [main] INFO  DataBaseTestConfig:19 - Create DB connection
2021-04-03 01:39:22 [main] INFO  DataBaseTestConfig:52 - Closing Result Set
2021-04-03 01:39:22 [main] INFO  DataBaseTestConfig:41 - Closing Prepared Statement
2021-04-03 01:39:22 [main] INFO  DataBaseTestConfig:30 - Closing DB connection
2021-04-03 01:39:22 [main] INFO  DataBaseTestConfig:19 - Create DB connection
2021-04-03 01:39:22 [main] INFO  DataBaseTestConfig:52 - Closing Result Set
2021-04-03 01:39:22 [main] INFO  DataBaseTestConfig:41 - Closing Prepared Statement
2021-04-03 01:39:22 [main] INFO  DataBaseTestConfig:30 - Closing DB connection
2021-04-03 01:39:22 [main] INFO  DataBaseTestConfig:19 - Create DB connection
2021-04-03 01:39:22 [main] INFO  DataBaseTestConfig:30 - Closing DB connection
2021-04-03 01:39:22 [main] INFO  DataBaseTestConfig:19 - Create DB connection
2021-04-03 01:39:22 [main] INFO  DataBaseTestConfig:41 - Closing Prepared Statement
2021-04-03 01:39:22 [main] INFO  DataBaseTestConfig:30 - Closing DB connection
2021-04-03 01:39:22 [main] INFO  DataBaseTestConfig:19 - Create DB connection
2021-04-03 01:39:22 [main] INFO  DataBaseTestConfig:52 - Closing Result Set
2021-04-03 01:39:22 [main] INFO  DataBaseTestConfig:41 - Closing Prepared Statement
2021-04-03 01:39:22 [main] INFO  DataBaseTestConfig:30 - Closing DB connection
2021-04-03 01:39:22 [main] INFO  DataBaseTestConfig:19 - Create DB connection
2021-04-03 01:39:22 [main] INFO  DataBaseTestConfig:52 - Closing Result Set
2021-04-03 01:39:22 [main] INFO  DataBaseTestConfig:41 - Closing Prepared Statement
2021-04-03 01:39:22 [main] INFO  DataBaseTestConfig:30 - Closing DB connection
2021-04-03 01:39:22 [main] INFO  DataBaseTestConfig:19 - Create DB connection
2021-04-03 01:39:22 [main] INFO  DataBaseTestConfig:52 - Closing Result Set
2021-04-03 01:39:22 [main] INFO  DataBaseTestConfig:41 - Closing Prepared Statement
2021-04-03 01:39:22 [main] INFO  DataBaseTestConfig:30 - Closing DB connection
2021-04-03 01:39:22 [main] INFO  DataBaseTestConfig:19 - Create DB connection
2021-04-03 01:39:22 [main] INFO  DataBaseTestConfig:30 - Closing DB connection
2021-04-03 01:39:22 [main] INFO  DataBaseTestConfig:19 - Create DB connection
2021-04-03 01:39:22 [main] INFO  DataBaseTestConfig:30 - Closing DB connection
2021-04-03 01:39:22 [main] INFO  DataBaseTestConfig:19 - Create DB connection
2021-04-03 01:39:22 [main] INFO  DataBaseTestConfig:52 - Closing Result Set
2021-04-03 01:39:22 [main] INFO  DataBaseTestConfig:41 - Closing Prepared Statement
2021-04-03 01:39:22 [main] INFO  DataBaseTestConfig:30 - Closing DB connection
2021-04-03 01:39:22 [main] INFO  DataBaseTestConfig:19 - Create DB connection
2021-04-03 01:39:22 [main] INFO  DataBaseTestConfig:52 - Closing Result Set
2021-04-03 01:39:22 [main] INFO  DataBaseTestConfig:41 - Closing Prepared Statement
2021-04-03 01:39:22 [main] INFO  DataBaseTestConfig:30 - Closing DB connection
2021-04-03 01:39:22 [main] INFO  DataBaseTestConfig:19 - Create DB connection
2021-04-03 01:39:22 [main] INFO  DataBaseTestConfig:41 - Closing Prepared Statement
2021-04-03 01:39:22 [main] INFO  DataBaseTestConfig:30 - Closing DB connection
2021-04-03 01:39:22 [main] INFO  DataBaseTestConfig:19 - Create DB connection
2021-04-03 01:39:22 [main] INFO  DataBaseTestConfig:30 - Closing DB connection
2021-04-03 01:39:22 [main] INFO  DataBaseTestConfig:19 - Create DB connection
2021-04-03 01:39:22 [main] INFO  DataBaseTestConfig:52 - Closing Result Set
2021-04-03 01:39:22 [main] INFO  DataBaseTestConfig:41 - Closing Prepared Statement
2021-04-03 01:39:22 [main] INFO  DataBaseTestConfig:30 - Closing DB connection
2021-04-03 01:39:22 [main] INFO  DataBaseTestConfig:19 - Create DB connection
2021-04-03 01:39:22 [main] INFO  DataBaseTestConfig:52 - Closing Result Set
2021-04-03 01:39:22 [main] INFO  DataBaseTestConfig:41 - Closing Prepared Statement
2021-04-03 01:39:22 [main] INFO  DataBaseTestConfig:30 - Closing DB connection
2021-04-03 01:39:22 [main] INFO  DataBaseTestConfig:19 - Create DB connection
2021-04-03 01:39:22 [main] INFO  DataBaseTestConfig:52 - Closing Result Set
2021-04-03 01:39:22 [main] INFO  DataBaseTestConfig:41 - Closing Prepared Statement
2021-04-03 01:39:22 [main] INFO  DataBaseTestConfig:30 - Closing DB connection
2021-04-03 01:39:22 [main] INFO  DataBaseTestConfig:19 - Create DB connection
2021-04-03 01:39:22 [main] INFO  DataBaseTestConfig:52 - Closing Result Set
2021-04-03 01:39:22 [main] INFO  DataBaseTestConfig:41 - Closing Prepared Statement
2021-04-03 01:39:22 [main] INFO  DataBaseTestConfig:30 - Closing DB connection
2021-04-03 01:39:22 [main] INFO  DataBaseTestConfig:19 - Create DB connection
2021-04-03 01:39:22 [main] INFO  DataBaseTestConfig:52 - Closing Result Set
2021-04-03 01:39:22 [main] INFO  DataBaseTestConfig:41 - Closing Prepared Statement
2021-04-03 01:39:22 [main] INFO  DataBaseTestConfig:30 - Closing DB connection
2021-04-03 01:39:22 [main] INFO  DataBaseTestConfig:19 - Create DB connection
2021-04-03 01:39:22 [main] INFO  DataBaseTestConfig:30 - Closing DB connection
2021-04-03 01:40:32 [main] ERROR ParkingService:137 - Unable to process exiting vehicle
java.lang.IllegalArgumentException: Out time provided is incorrect:Sat Apr 03 01:40:32 CEST 2021
	at com.parkit.parkingsystem.service.FareCalculatorService.calculateFare(FareCalculatorService.java:10) ~[classes/:?]
	at com.parkit.parkingsystem.service.ParkingService.processExitingVehicle(ParkingService.java:116) ~[classes/:?]
	at com.parkit.parkingsystem.integration.ParkingDataBaseIT.testParkingLotExit(ParkingDataBaseIT.java:108) ~[test-classes/:?]
	at jdk.internal.reflect.NativeMethodAccessorImpl.invoke0(Native Method) ~[?:?]
	at jdk.internal.reflect.NativeMethodAccessorImpl.invoke(NativeMethodAccessorImpl.java:64) ~[?:?]
	at jdk.internal.reflect.DelegatingMethodAccessorImpl.invoke(DelegatingMethodAccessorImpl.java:43) ~[?:?]
	at java.lang.reflect.Method.invoke(Method.java:564) ~[?:?]
	at org.junit.platform.commons.util.ReflectionUtils.invokeMethod(ReflectionUtils.java:532) ~[junit-platform-commons-1.3.2.jar:1.3.2]
	at org.junit.jupiter.engine.execution.ExecutableInvoker.invoke(ExecutableInvoker.java:115) ~[junit-jupiter-engine-5.3.2.jar:5.3.2]
	at org.junit.jupiter.engine.descriptor.TestMethodTestDescriptor.lambda$invokeTestMethod$6(TestMethodTestDescriptor.java:171) ~[junit-jupiter-engine-5.3.2.jar:5.3.2]
	at org.junit.platform.engine.support.hierarchical.ThrowableCollector.execute(ThrowableCollector.java:72) ~[junit-platform-engine-1.3.2.jar:1.3.2]
	at org.junit.jupiter.engine.descriptor.TestMethodTestDescriptor.invokeTestMethod(TestMethodTestDescriptor.java:167) ~[junit-jupiter-engine-5.3.2.jar:5.3.2]
	at org.junit.jupiter.engine.descriptor.TestMethodTestDescriptor.execute(TestMethodTestDescriptor.java:114) ~[junit-jupiter-engine-5.3.2.jar:5.3.2]
	at org.junit.jupiter.engine.descriptor.TestMethodTestDescriptor.execute(TestMethodTestDescriptor.java:59) ~[junit-jupiter-engine-5.3.2.jar:5.3.2]
	at org.junit.platform.engine.support.hierarchical.NodeTestTask.lambda$executeRecursively$4(NodeTestTask.java:108) ~[junit-platform-engine-1.3.2.jar:1.3.2]
	at org.junit.platform.engine.support.hierarchical.ThrowableCollector.execute(ThrowableCollector.java:72) ~[junit-platform-engine-1.3.2.jar:1.3.2]
	at org.junit.platform.engine.support.hierarchical.NodeTestTask.executeRecursively(NodeTestTask.java:98) ~[junit-platform-engine-1.3.2.jar:1.3.2]
	at org.junit.platform.engine.support.hierarchical.NodeTestTask.execute(NodeTestTask.java:74) ~[junit-platform-engine-1.3.2.jar:1.3.2]
	at java.util.ArrayList.forEach(ArrayList.java:1511) ~[?:?]
	at org.junit.platform.engine.support.hierarchical.SameThreadHierarchicalTestExecutorService.invokeAll(SameThreadHierarchicalTestExecutorService.java:38) ~[junit-platform-engine-1.3.2.jar:1.3.2]
	at org.junit.platform.engine.support.hierarchical.NodeTestTask.lambda$executeRecursively$4(NodeTestTask.java:112) ~[junit-platform-engine-1.3.2.jar:1.3.2]
	at org.junit.platform.engine.support.hierarchical.ThrowableCollector.execute(ThrowableCollector.java:72) ~[junit-platform-engine-1.3.2.jar:1.3.2]
	at org.junit.platform.engine.support.hierarchical.NodeTestTask.executeRecursively(NodeTestTask.java:98) ~[junit-platform-engine-1.3.2.jar:1.3.2]
	at org.junit.platform.engine.support.hierarchical.NodeTestTask.execute(NodeTestTask.java:74) ~[junit-platform-engine-1.3.2.jar:1.3.2]
	at java.util.ArrayList.forEach(ArrayList.java:1511) ~[?:?]
	at org.junit.platform.engine.support.hierarchical.SameThreadHierarchicalTestExecutorService.invokeAll(SameThreadHierarchicalTestExecutorService.java:38) ~[junit-platform-engine-1.3.2.jar:1.3.2]
	at org.junit.platform.engine.support.hierarchical.NodeTestTask.lambda$executeRecursively$4(NodeTestTask.java:112) ~[junit-platform-engine-1.3.2.jar:1.3.2]
	at org.junit.platform.engine.support.hierarchical.ThrowableCollector.execute(ThrowableCollector.java:72) ~[junit-platform-engine-1.3.2.jar:1.3.2]
	at org.junit.platform.engine.support.hierarchical.NodeTestTask.executeRecursively(NodeTestTask.java:98) ~[junit-platform-engine-1.3.2.jar:1.3.2]
	at org.junit.platform.engine.support.hierarchical.NodeTestTask.execute(NodeTestTask.java:74) ~[junit-platform-engine-1.3.2.jar:1.3.2]
	at org.junit.platform.engine.support.hierarchical.SameThreadHierarchicalTestExecutorService.submit(SameThreadHierarchicalTestExecutorService.java:32) ~[junit-platform-engine-1.3.2.jar:1.3.2]
	at org.junit.platform.engine.support.hierarchical.HierarchicalTestExecutor.execute(HierarchicalTestExecutor.java:57) ~[junit-platform-engine-1.3.2.jar:1.3.2]
	at org.junit.platform.engine.support.hierarchical.HierarchicalTestEngine.execute(HierarchicalTestEngine.java:51) ~[junit-platform-engine-1.3.2.jar:1.3.2]
	at org.junit.platform.launcher.core.DefaultLauncher.execute(DefaultLauncher.java:220) ~[junit-platform-launcher-1.3.2.jar:1.3.2]
	at org.junit.platform.launcher.core.DefaultLauncher.lambda$execute$6(DefaultLauncher.java:188) ~[junit-platform-launcher-1.3.2.jar:1.3.2]
	at org.junit.platform.launcher.core.DefaultLauncher.withInterceptedStreams(DefaultLauncher.java:202) [junit-platform-launcher-1.3.2.jar:1.3.2]
	at org.junit.platform.launcher.core.DefaultLauncher.execute(DefaultLauncher.java:181) [junit-platform-launcher-1.3.2.jar:1.3.2]
	at org.junit.platform.launcher.core.DefaultLauncher.execute(DefaultLauncher.java:128) [junit-platform-launcher-1.3.2.jar:1.3.2]
	at org.eclipse.jdt.internal.junit5.runner.JUnit5TestReference.run(JUnit5TestReference.java:100) [.cp/:?]
	at org.eclipse.jdt.internal.junit.runner.TestExecution.run(TestExecution.java:41) [.cp/:?]
	at org.eclipse.jdt.internal.junit.runner.RemoteTestRunner.runTests(RemoteTestRunner.java:542) [.cp/:?]
	at org.eclipse.jdt.internal.junit.runner.RemoteTestRunner.runTests(RemoteTestRunner.java:770) [.cp/:?]
	at org.eclipse.jdt.internal.junit.runner.RemoteTestRunner.run(RemoteTestRunner.java:464) [.cp/:?]
	at org.eclipse.jdt.internal.junit.runner.RemoteTestRunner.main(RemoteTestRunner.java:210) [.cp/:?]
2021-04-03 01:40:32 [main] ERROR TicketDAO:85 - Error saving ticket info
java.lang.NullPointerException: Cannot invoke "java.util.Date.getTime()" because the return value of "com.parkit.parkingsystem.model.Ticket.getOutTime()" is null
	at com.parkit.parkingsystem.dao.TicketDAO.updateTicket(TicketDAO.java:79) ~[classes/:?]
	at com.parkit.parkingsystem.integration.ParkingDataBaseIT.testParkingLotExit(ParkingDataBaseIT.java:112) ~[test-classes/:?]
	at jdk.internal.reflect.NativeMethodAccessorImpl.invoke0(Native Method) ~[?:?]
	at jdk.internal.reflect.NativeMethodAccessorImpl.invoke(NativeMethodAccessorImpl.java:64) ~[?:?]
	at jdk.internal.reflect.DelegatingMethodAccessorImpl.invoke(DelegatingMethodAccessorImpl.java:43) ~[?:?]
	at java.lang.reflect.Method.invoke(Method.java:564) ~[?:?]
	at org.junit.platform.commons.util.ReflectionUtils.invokeMethod(ReflectionUtils.java:532) ~[junit-platform-commons-1.3.2.jar:1.3.2]
	at org.junit.jupiter.engine.execution.ExecutableInvoker.invoke(ExecutableInvoker.java:115) ~[junit-jupiter-engine-5.3.2.jar:5.3.2]
	at org.junit.jupiter.engine.descriptor.TestMethodTestDescriptor.lambda$invokeTestMethod$6(TestMethodTestDescriptor.java:171) ~[junit-jupiter-engine-5.3.2.jar:5.3.2]
	at org.junit.platform.engine.support.hierarchical.ThrowableCollector.execute(ThrowableCollector.java:72) ~[junit-platform-engine-1.3.2.jar:1.3.2]
	at org.junit.jupiter.engine.descriptor.TestMethodTestDescriptor.invokeTestMethod(TestMethodTestDescriptor.java:167) ~[junit-jupiter-engine-5.3.2.jar:5.3.2]
	at org.junit.jupiter.engine.descriptor.TestMethodTestDescriptor.execute(TestMethodTestDescriptor.java:114) ~[junit-jupiter-engine-5.3.2.jar:5.3.2]
	at org.junit.jupiter.engine.descriptor.TestMethodTestDescriptor.execute(TestMethodTestDescriptor.java:59) ~[junit-jupiter-engine-5.3.2.jar:5.3.2]
	at org.junit.platform.engine.support.hierarchical.NodeTestTask.lambda$executeRecursively$4(NodeTestTask.java:108) ~[junit-platform-engine-1.3.2.jar:1.3.2]
	at org.junit.platform.engine.support.hierarchical.ThrowableCollector.execute(ThrowableCollector.java:72) ~[junit-platform-engine-1.3.2.jar:1.3.2]
	at org.junit.platform.engine.support.hierarchical.NodeTestTask.executeRecursively(NodeTestTask.java:98) ~[junit-platform-engine-1.3.2.jar:1.3.2]
	at org.junit.platform.engine.support.hierarchical.NodeTestTask.execute(NodeTestTask.java:74) ~[junit-platform-engine-1.3.2.jar:1.3.2]
	at java.util.ArrayList.forEach(ArrayList.java:1511) ~[?:?]
	at org.junit.platform.engine.support.hierarchical.SameThreadHierarchicalTestExecutorService.invokeAll(SameThreadHierarchicalTestExecutorService.java:38) ~[junit-platform-engine-1.3.2.jar:1.3.2]
	at org.junit.platform.engine.support.hierarchical.NodeTestTask.lambda$executeRecursively$4(NodeTestTask.java:112) ~[junit-platform-engine-1.3.2.jar:1.3.2]
	at org.junit.platform.engine.support.hierarchical.ThrowableCollector.execute(ThrowableCollector.java:72) ~[junit-platform-engine-1.3.2.jar:1.3.2]
	at org.junit.platform.engine.support.hierarchical.NodeTestTask.executeRecursively(NodeTestTask.java:98) ~[junit-platform-engine-1.3.2.jar:1.3.2]
	at org.junit.platform.engine.support.hierarchical.NodeTestTask.execute(NodeTestTask.java:74) ~[junit-platform-engine-1.3.2.jar:1.3.2]
	at java.util.ArrayList.forEach(ArrayList.java:1511) ~[?:?]
	at org.junit.platform.engine.support.hierarchical.SameThreadHierarchicalTestExecutorService.invokeAll(SameThreadHierarchicalTestExecutorService.java:38) ~[junit-platform-engine-1.3.2.jar:1.3.2]
	at org.junit.platform.engine.support.hierarchical.NodeTestTask.lambda$executeRecursively$4(NodeTestTask.java:112) ~[junit-platform-engine-1.3.2.jar:1.3.2]
	at org.junit.platform.engine.support.hierarchical.ThrowableCollector.execute(ThrowableCollector.java:72) ~[junit-platform-engine-1.3.2.jar:1.3.2]
	at org.junit.platform.engine.support.hierarchical.NodeTestTask.executeRecursively(NodeTestTask.java:98) ~[junit-platform-engine-1.3.2.jar:1.3.2]
	at org.junit.platform.engine.support.hierarchical.NodeTestTask.execute(NodeTestTask.java:74) ~[junit-platform-engine-1.3.2.jar:1.3.2]
	at org.junit.platform.engine.support.hierarchical.SameThreadHierarchicalTestExecutorService.submit(SameThreadHierarchicalTestExecutorService.java:32) ~[junit-platform-engine-1.3.2.jar:1.3.2]
	at org.junit.platform.engine.support.hierarchical.HierarchicalTestExecutor.execute(HierarchicalTestExecutor.java:57) ~[junit-platform-engine-1.3.2.jar:1.3.2]
	at org.junit.platform.engine.support.hierarchical.HierarchicalTestEngine.execute(HierarchicalTestEngine.java:51) ~[junit-platform-engine-1.3.2.jar:1.3.2]
	at org.junit.platform.launcher.core.DefaultLauncher.execute(DefaultLauncher.java:220) ~[junit-platform-launcher-1.3.2.jar:1.3.2]
	at org.junit.platform.launcher.core.DefaultLauncher.lambda$execute$6(DefaultLauncher.java:188) ~[junit-platform-launcher-1.3.2.jar:1.3.2]
	at org.junit.platform.launcher.core.DefaultLauncher.withInterceptedStreams(DefaultLauncher.java:202) [junit-platform-launcher-1.3.2.jar:1.3.2]
	at org.junit.platform.launcher.core.DefaultLauncher.execute(DefaultLauncher.java:181) [junit-platform-launcher-1.3.2.jar:1.3.2]
	at org.junit.platform.launcher.core.DefaultLauncher.execute(DefaultLauncher.java:128) [junit-platform-launcher-1.3.2.jar:1.3.2]
	at org.eclipse.jdt.internal.junit5.runner.JUnit5TestReference.run(JUnit5TestReference.java:100) [.cp/:?]
	at org.eclipse.jdt.internal.junit.runner.TestExecution.run(TestExecution.java:41) [.cp/:?]
	at org.eclipse.jdt.internal.junit.runner.RemoteTestRunner.runTests(RemoteTestRunner.java:542) [.cp/:?]
	at org.eclipse.jdt.internal.junit.runner.RemoteTestRunner.runTests(RemoteTestRunner.java:770) [.cp/:?]
	at org.eclipse.jdt.internal.junit.runner.RemoteTestRunner.run(RemoteTestRunner.java:464) [.cp/:?]
	at org.eclipse.jdt.internal.junit.runner.RemoteTestRunner.main(RemoteTestRunner.java:210) [.cp/:?]
